Using pre-set license
Built from '2020.3/staging' branch; Version is '2020.3.21f1 (a38c86f6690f) revision 10718342'; Using compiler version '192528614'; Build Type 'Release'
OS: 'Windows 10 Pro; OS build 19043.1466; Version 2009; 64bit' Language: 'he' Physical Memory: 3989 MB
BatchMode: 1, IsHumanControllingUs: 0, StartBugReporterOnCrash: 0, Is64bit: 1, IsPro: 0

COMMAND LINE ARGUMENTS:
C:\Program Files\Unity\Hub\Editor\2020.3.21f1\Editor\Unity.exe
-adb2
-batchMode
-noUpm
-name
AssetImportWorker2
-projectPath
E:/homeworkeshet/Witche-s-Brew
-logFile
Logs/AssetImportWorker2.log
-srvPort
59578
Successfully changed project path to: E:/homeworkeshet/Witche-s-Brew
E:/homeworkeshet/Witche-s-Brew
Using Asset Import Pipeline V2.
Refreshing native plugins compatible for Editor in 120.69 ms, found 3 plugins.
Preloading 0 native plugins for Editor in 0.00 ms.
Initialize engine version: 2020.3.21f1 (a38c86f6690f)
[Subsystems] Discovering subsystems at path C:/Program Files/Unity/Hub/Editor/2020.3.21f1/Editor/Data/Resources/UnitySubsystems
[Subsystems] Discovering subsystems at path E:/homeworkeshet/Witche-s-Brew/Assets
GfxDevice: creating device client; threaded=0
Direct3D:
    Version:  Direct3D 11.0 [level 11.1]
    Renderer: Intel(R) UHD Graphics 630 (ID=0x3e91)
    Vendor:   
    VRAM:     1994 MB
    Driver:   27.20.100.8783
Initialize mono
Mono path[0] = 'C:/Program Files/Unity/Hub/Editor/2020.3.21f1/Editor/Data/Managed'
Mono path[1] = 'C:/Program Files/Unity/Hub/Editor/2020.3.21f1/Editor/Data/MonoBleedingEdge/lib/mono/unityjit'
Mono config path = 'C:/Program Files/Unity/Hub/Editor/2020.3.21f1/Editor/Data/MonoBleedingEdge/etc'
Using monoOptions --debugger-agent=transport=dt_socket,embedding=1,server=y,suspend=n,address=127.0.0.1:56116
Begin MonoManager ReloadAssembly
Registering precompiled unity dll's ...
Register platform support module: C:/Program Files/Unity/Hub/Editor/2020.3.21f1/Editor/Data/PlaybackEngines/WebGLSupport/UnityEditor.WebGL.Extensions.dll
Register platform support module: C:/Program Files/Unity/Hub/Editor/2020.3.21f1/Editor/Data/PlaybackEngines/WindowsStandaloneSupport/UnityEditor.WindowsStandalone.Extensions.dll
Registered in 0.002423 seconds.
Native extension for WindowsStandalone target not found
Native extension for WebGL target not found
Refreshing native plugins compatible for Editor in 42.39 ms, found 3 plugins.
Preloading 0 native plugins for Editor in 0.00 ms.
Mono: successfully reloaded assembly
- Completed reload, in  1.116 seconds
Domain Reload Profiling:
	ReloadAssembly (1116ms)
		BeginReloadAssembly (51ms)
			ExecutionOrderSort (0ms)
			DisableScriptedObjects (0ms)
			BackupInstance (0ms)
			ReleaseScriptingObjects (0ms)
			CreateAndSetChildDomain (1ms)
		EndReloadAssembly (420ms)
			LoadAssemblies (50ms)
			RebuildTransferFunctionScriptingTraits (0ms)
			SetupTypeCache (141ms)
			ReleaseScriptCaches (0ms)
			RebuildScriptCaches (28ms)
			SetupLoadedEditorAssemblies (160ms)
				LogAssemblyErrors (0ms)
				InitializePlatformSupportModulesInManaged (5ms)
				SetLoadedEditorAssemblies (0ms)
				RefreshPlugins (42ms)
				BeforeProcessingInitializeOnLoad (14ms)
				ProcessInitializeOnLoadAttributes (74ms)
				ProcessInitializeOnLoadMethodAttributes (25ms)
				AfterProcessingInitializeOnLoad (0ms)
				EditorAssembliesLoaded (0ms)
			ExecutionOrderSort2 (0ms)
			AwakeInstancesAfterBackupRestoration (0ms)
Platform modules already initialized, skipping
Registering precompiled user dll's ...
Registered in 0.003999 seconds.
Begin MonoManager ReloadAssembly
Native extension for WindowsStandalone target not found
Native extension for WebGL target not found
Refreshing native plugins compatible for Editor in 40.55 ms, found 3 plugins.
Preloading 0 native plugins for Editor in 0.00 ms.
Mono: successfully reloaded assembly
- Completed reload, in  4.802 seconds
Domain Reload Profiling:
	ReloadAssembly (4890ms)
		BeginReloadAssembly (166ms)
			ExecutionOrderSort (5ms)
			DisableScriptedObjects (5ms)
			BackupInstance (0ms)
			ReleaseScriptingObjects (0ms)
			CreateAndSetChildDomain (25ms)
		EndReloadAssembly (4585ms)
			LoadAssemblies (3599ms)
			RebuildTransferFunctionScriptingTraits (0ms)
			SetupTypeCache (316ms)
			ReleaseScriptCaches (0ms)
			RebuildScriptCaches (42ms)
			SetupLoadedEditorAssemblies (386ms)
				LogAssemblyErrors (0ms)
				InitializePlatformSupportModulesInManaged (4ms)
				SetLoadedEditorAssemblies (0ms)
				RefreshPlugins (41ms)
				BeforeProcessingInitializeOnLoad (73ms)
				ProcessInitializeOnLoadAttributes (207ms)
				ProcessInitializeOnLoadMethodAttributes (54ms)
				AfterProcessingInitializeOnLoad (6ms)
				EditorAssembliesLoaded (0ms)
			ExecutionOrderSort2 (0ms)
			AwakeInstancesAfterBackupRestoration (7ms)
Platform modules already initialized, skipping
========================================================================
Worker process is ready to serve import requests
Launched and connected shader compiler UnityShaderCompiler.exe after 0.31 seconds
Refreshing native plugins compatible for Editor in 0.65 ms, found 3 plugins.
Preloading 0 native plugins for Editor in 0.00 ms.
Unloading 2195 Unused Serialized files (Serialized files now loaded: 0)
System memory in use before: 97.7 MB.
System memory in use after: 97.8 MB.

Unloading 28 unused Assets to reduce memory usage. Loaded Objects now: 2629.
Total: 26.897600 ms (FindLiveObjects: 0.315700 ms CreateObjectMapping: 0.136400 ms MarkObjects: 26.355500 ms  DeleteObjects: 0.088200 ms)

AssetImportParameters requested are different than current active one (requested -> active):
  custom:framework-win-MediaFoundation: 216162199b28c13a410421893ffa2e32 -> 
  custom:video-decoder-ogg-theora: a1e56fd34408186e4bbccfd4996cb3dc -> 
  custom:container-muxer-webm: aa71ff27fc2769a1b78a27578f13a17b -> 
  custom:container-demuxer-webm: 4f35f7cbe854078d1ac9338744f61a02 -> 
  custom:container-demuxer-ogg: 62fdf1f143b41e24485cea50d1cbac27 -> 
  custom:video-encoder-webm-vp8: eb34c28f22e8b96e1ab97ce403110664 -> 
  custom:video-decoder-webm-vp8: 9c59270c3fd7afecdb556c50c9e8de78 -> 
  custom:audio-decoder-ogg-vorbis: bf7c407c2cedff20999df2af8eb42d56 -> 
  custom:audio-encoder-webm-vorbis: bf7c407c2cedff20999df2af8eb42d56 -> 
========================================================================
Received Import Request.
  path: Assets/TextMesh Pro/Resources/Fonts & Materials/BIGELOWRULES-REGULAR.TTF
  artifactKey: Guid(8d617b2eab2798545b415960d3f5d579) Importer(815301076,1909f56bfc062723c751e8b465ee728b)
Start importing Assets/TextMesh Pro/Resources/Fonts & Materials/BIGELOWRULES-REGULAR.TTF using Guid(8d617b2eab2798545b415960d3f5d579) Importer(815301076,1909f56bfc062723c751e8b465ee728b)  -> (artifact id: '4bac5f8acffb762b1c3a4159e97ba5a1') in 0.752061 seconds 
  Import took 0.802793 seconds .

========================================================================
Received Import Request.
  Time since last request: 27.587810 seconds.
  path: Assets/TextMesh Pro/Resources/Fonts & Materials/BIGELOWRULES-REGULAR SDF.asset
  artifactKey: Guid(cccb77b769e55a741adda8e8f8ac1ba0) Importer(815301076,1909f56bfc062723c751e8b465ee728b)
Start importing Assets/TextMesh Pro/Resources/Fonts & Materials/BIGELOWRULES-REGULAR SDF.asset using Guid(cccb77b769e55a741adda8e8f8ac1ba0) Importer(815301076,1909f56bfc062723c751e8b465ee728b)  -> (artifact id: '1412884cb5ec4ba07e24d764a39eb590') in 0.121350 seconds 
  Import took 0.147216 seconds .

========================================================================
Received Import Request.
  Time since last request: 53.964528 seconds.
  path: Assets/TextMesh Pro/Resources/Fonts & Materials/FASCINATE-REGULAR.TTF
  artifactKey: Guid(d4dc879b51e388a438f883c6112ba573) Importer(815301076,1909f56bfc062723c751e8b465ee728b)
Start importing Assets/TextMesh Pro/Resources/Fonts & Materials/FASCINATE-REGULAR.TTF using Guid(d4dc879b51e388a438f883c6112ba573) Importer(815301076,1909f56bfc062723c751e8b465ee728b)  -> (artifact id: '9fc5c7da021b57ff9863731873b3f26a') in 0.126704 seconds 
  Import took 0.155841 seconds .

========================================================================
Received Import Request.
  Time since last request: 18.383100 seconds.
  path: Assets/TextMesh Pro/Resources/Fonts & Materials/FASCINATE-REGULAR SDF.asset
  artifactKey: Guid(05743fe8d18075e4d879f5987d68e972) Importer(815301076,1909f56bfc062723c751e8b465ee728b)
Start importing Assets/TextMesh Pro/Resources/Fonts & Materials/FASCINATE-REGULAR SDF.asset using Guid(05743fe8d18075e4d879f5987d68e972) Importer(815301076,1909f56bfc062723c751e8b465ee728b)  -> (artifact id: 'f3dbc82a1817beb23838aaa305f97374') in 0.103193 seconds 
  Import took 0.107316 seconds .

========================================================================
Received Import Request.
  Time since last request: 216.933307 seconds.
  path: Assets/TextMesh Pro/Resources/Fonts & Materials/FORTE.TTF
  artifactKey: Guid(a7291e92371c188429e4136cf719fb8d) Importer(815301076,1909f56bfc062723c751e8b465ee728b)
Start importing Assets/TextMesh Pro/Resources/Fonts & Materials/FORTE.TTF using Guid(a7291e92371c188429e4136cf719fb8d) Importer(815301076,1909f56bfc062723c751e8b465ee728b)  -> (artifact id: '2ab50993af94d64a5b4817f21c5da420') in 0.106218 seconds 
  Import took 0.127769 seconds .

========================================================================
Received Import Request.
  Time since last request: 8.866761 seconds.
  path: Assets/TextMesh Pro/Resources/Fonts & Materials/FASCINATE-REGULAR SDF.asset
  artifactKey: Guid(05743fe8d18075e4d879f5987d68e972) Importer(815301076,1909f56bfc062723c751e8b465ee728b)
Start importing Assets/TextMesh Pro/Resources/Fonts & Materials/FASCINATE-REGULAR SDF.asset using Guid(05743fe8d18075e4d879f5987d68e972) Importer(815301076,1909f56bfc062723c751e8b465ee728b)  -> (artifact id: '30d3f63379c97f11ed96d9ca41bd3978') in 0.169782 seconds 
  Import took 0.181273 seconds .

========================================================================
Received Import Request.
  Time since last request: 0.000223 seconds.
  path: Assets/TextMesh Pro/Resources/Fonts & Materials/FORTE SDF.asset
  artifactKey: Guid(875282fe653844f489c65f2b78777d83) Importer(815301076,1909f56bfc062723c751e8b465ee728b)
Start importing Assets/TextMesh Pro/Resources/Fonts & Materials/FORTE SDF.asset using Guid(875282fe653844f489c65f2b78777d83) Importer(815301076,1909f56bfc062723c751e8b465ee728b)  -> (artifact id: '10a7326bb855ef4ced9420681b950ab1') in 0.079109 seconds 
  Import took 0.098754 seconds .

========================================================================
Received Import Request.
  Time since last request: 0.000630 seconds.
  path: Assets/TextMesh Pro/Resources/Fonts & Materials/LiberationSans SDF - Fallback.asset
  artifactKey: Guid(2e498d1c8094910479dc3e1b768306a4) Importer(815301076,1909f56bfc062723c751e8b465ee728b)
Start importing Assets/TextMesh Pro/Resources/Fonts & Materials/LiberationSans SDF - Fallback.asset using Guid(2e498d1c8094910479dc3e1b768306a4) Importer(815301076,1909f56bfc062723c751e8b465ee728b)  -> (artifact id: 'de4b9a1247222675edf6a533436e1e38') in 0.117661 seconds 
  Import took 0.151252 seconds .

========================================================================
Received Import Request.
  Time since last request: 45.868710 seconds.
  path: Assets/TextMesh Pro/Resources/Fonts & Materials/PARISIENNE-REGULAR.TTF
  artifactKey: Guid(ad792d022e2d1144bb0cc74e4481ef06) Importer(815301076,1909f56bfc062723c751e8b465ee728b)
Start importing Assets/TextMesh Pro/Resources/Fonts & Materials/PARISIENNE-REGULAR.TTF using Guid(ad792d022e2d1144bb0cc74e4481ef06) Importer(815301076,1909f56bfc062723c751e8b465ee728b)  -> (artifact id: 'af39e4c7481ef2c29f9d49534824fb5c') in 0.097250 seconds 
  Import took 0.129669 seconds .

========================================================================
Received Import Request.
  Time since last request: 12.772788 seconds.
  path: Assets/TextMesh Pro/Resources/Fonts & Materials/UNICORN GIGGLES - TTF.TTF
  artifactKey: Guid(6ec053f9769e5e944ac61e975cf44fe8) Importer(815301076,1909f56bfc062723c751e8b465ee728b)
Start importing Assets/TextMesh Pro/Resources/Fonts & Materials/UNICORN GIGGLES - TTF.TTF using Guid(6ec053f9769e5e944ac61e975cf44fe8) Importer(815301076,1909f56bfc062723c751e8b465ee728b)  -> (artifact id: '2f677cf6aebc16b06075d5b0207f20c9') in 0.142748 seconds 
  Import took 0.162054 seconds .

========================================================================
Received Import Request.
  Time since last request: 18.487065 seconds.
  path: Assets/TextMesh Pro/Resources/Fonts & Materials/FORTE SDF.asset
  artifactKey: Guid(875282fe653844f489c65f2b78777d83) Importer(815301076,1909f56bfc062723c751e8b465ee728b)
Start importing Assets/TextMesh Pro/Resources/Fonts & Materials/FORTE SDF.asset using Guid(875282fe653844f489c65f2b78777d83) Importer(815301076,1909f56bfc062723c751e8b465ee728b)  -> (artifact id: '0d10d176501ce0b2dd95b5814868337e') in 0.140954 seconds 
  Import took 0.171595 seconds .

========================================================================
Received Import Request.
  Time since last request: 0.000237 seconds.
  path: Assets/TextMesh Pro/Resources/Fonts & Materials/PARISIENNE-REGULAR SDF.asset
  artifactKey: Guid(e7f56a0fc694cc641b91c28ba1b9ff07) Importer(815301076,1909f56bfc062723c751e8b465ee728b)
Start importing Assets/TextMesh Pro/Resources/Fonts & Materials/PARISIENNE-REGULAR SDF.asset using Guid(e7f56a0fc694cc641b91c28ba1b9ff07) Importer(815301076,1909f56bfc062723c751e8b465ee728b)  -> (artifact id: '757e4df44802f032ab335346e20ee7ea') in 0.080810 seconds 
  Import took 0.136994 seconds .

========================================================================
Received Import Request.
  Time since last request: 5.745787 seconds.
  path: Assets/TextMesh Pro/Resources/Fonts & Materials/UNICORN GIGGLES - TTF SDF.asset
  artifactKey: Guid(bff1a8c40db52af439c4f6bb9547f074) Importer(815301076,1909f56bfc062723c751e8b465ee728b)
Start importing Assets/TextMesh Pro/Resources/Fonts & Materials/UNICORN GIGGLES - TTF SDF.asset using Guid(bff1a8c40db52af439c4f6bb9547f074) Importer(815301076,1909f56bfc062723c751e8b465ee728b)  -> (artifact id: '37524e5919d83df68c6a2c54d211dc28') in 0.106691 seconds 
  Import took 0.122470 seconds .

========================================================================
Received Prepare
Registering precompiled user dll's ...
Registered in 0.495810 seconds.
Begin MonoManager ReloadAssembly
Native extension for WindowsStandalone target not found
Native extension for WebGL target not found
Refreshing native plugins compatible for Editor in 0.58 ms, found 3 plugins.
Preloading 0 native plugins for Editor in 0.00 ms.
Mono: successfully reloaded assembly
- Completed reload, in  1.529 seconds
Domain Reload Profiling:
	ReloadAssembly (1534ms)
		BeginReloadAssembly (481ms)
			ExecutionOrderSort (0ms)
			DisableScriptedObjects (84ms)
			BackupInstance (0ms)
			ReleaseScriptingObjects (0ms)
			CreateAndSetChildDomain (262ms)
		EndReloadAssembly (981ms)
			LoadAssemblies (119ms)
			RebuildTransferFunctionScriptingTraits (0ms)
			SetupTypeCache (347ms)
			ReleaseScriptCaches (1ms)
			RebuildScriptCaches (47ms)
			SetupLoadedEditorAssemblies (352ms)
				LogAssemblyErrors (0ms)
				InitializePlatformSupportModulesInManaged (9ms)
				SetLoadedEditorAssemblies (0ms)
				RefreshPlugins (1ms)
				BeforeProcessingInitializeOnLoad (105ms)
				ProcessInitializeOnLoadAttributes (221ms)
				ProcessInitializeOnLoadMethodAttributes (10ms)
				AfterProcessingInitializeOnLoad (6ms)
				EditorAssembliesLoaded (0ms)
			ExecutionOrderSort2 (0ms)
			AwakeInstancesAfterBackupRestoration (9ms)
Platform modules already initialized, skipping
Refreshing native plugins compatible for Editor in 0.49 ms, found 3 plugins.
Preloading 0 native plugins for Editor in 0.00 ms.
Unloading 2171 Unused Serialized files (Serialized files now loaded: 0)
System memory in use before: 99.0 MB.
System memory in use after: 99.2 MB.

Unloading 17 unused Assets to reduce memory usage. Loaded Objects now: 2675.
Total: 4.085400 ms (FindLiveObjects: 0.228900 ms CreateObjectMapping: 0.091000 ms MarkObjects: 3.686200 ms  DeleteObjects: 0.076800 ms)

AssetImportParameters requested are different than current active one (requested -> active):
  custom:framework-win-MediaFoundation: 216162199b28c13a410421893ffa2e32 -> 
  custom:video-decoder-ogg-theora: a1e56fd34408186e4bbccfd4996cb3dc -> 
  custom:container-muxer-webm: aa71ff27fc2769a1b78a27578f13a17b -> 
  custom:container-demuxer-webm: 4f35f7cbe854078d1ac9338744f61a02 -> 
  custom:container-demuxer-ogg: 62fdf1f143b41e24485cea50d1cbac27 -> 
  custom:video-encoder-webm-vp8: eb34c28f22e8b96e1ab97ce403110664 -> 
  custom:video-decoder-webm-vp8: 9c59270c3fd7afecdb556c50c9e8de78 -> 
  custom:audio-decoder-ogg-vorbis: bf7c407c2cedff20999df2af8eb42d56 -> 
  custom:audio-encoder-webm-vorbis: bf7c407c2cedff20999df2af8eb42d56 -> 
========================================================================
Received Prepare
Registering precompiled user dll's ...
Registered in 0.605638 seconds.
Begin MonoManager ReloadAssembly
Native extension for WindowsStandalone target not found
Native extension for WebGL target not found
Refreshing native plugins compatible for Editor in 0.53 ms, found 3 plugins.
Preloading 0 native plugins for Editor in 0.00 ms.
Mono: successfully reloaded assembly
- Completed reload, in  1.050 seconds
Domain Reload Profiling:
	ReloadAssembly (1051ms)
		BeginReloadAssembly (110ms)
			ExecutionOrderSort (0ms)
			DisableScriptedObjects (6ms)
			BackupInstance (0ms)
			ReleaseScriptingObjects (0ms)
			CreateAndSetChildDomain (37ms)
		EndReloadAssembly (867ms)
			LoadAssemblies (93ms)
			RebuildTransferFunctionScriptingTraits (0ms)
			SetupTypeCache (322ms)
			ReleaseScriptCaches (1ms)
			RebuildScriptCaches (40ms)
			SetupLoadedEditorAssemblies (308ms)
				LogAssemblyErrors (0ms)
				InitializePlatformSupportModulesInManaged (5ms)
				SetLoadedEditorAssemblies (0ms)
				RefreshPlugins (1ms)
				BeforeProcessingInitializeOnLoad (82ms)
				ProcessInitializeOnLoadAttributes (201ms)
				ProcessInitializeOnLoadMethodAttributes (11ms)
				AfterProcessingInitializeOnLoad (8ms)
				EditorAssembliesLoaded (0ms)
			ExecutionOrderSort2 (0ms)
			AwakeInstancesAfterBackupRestoration (15ms)
Platform modules already initialized, skipping
Refreshing native plugins compatible for Editor in 0.90 ms, found 3 plugins.
Preloading 0 native plugins for Editor in 0.00 ms.
Unloading 2171 Unused Serialized files (Serialized files now loaded: 0)
System memory in use before: 99.1 MB.
System memory in use after: 99.2 MB.

Unloading 17 unused Assets to reduce memory usage. Loaded Objects now: 2677.
Total: 3.934400 ms (FindLiveObjects: 0.689400 ms CreateObjectMapping: 0.113300 ms MarkObjects: 3.095100 ms  DeleteObjects: 0.035500 ms)

AssetImportParameters requested are different than current active one (requested -> active):
  custom:framework-win-MediaFoundation: 216162199b28c13a410421893ffa2e32 -> 
  custom:video-decoder-ogg-theora: a1e56fd34408186e4bbccfd4996cb3dc -> 
  custom:container-muxer-webm: aa71ff27fc2769a1b78a27578f13a17b -> 
  custom:container-demuxer-webm: 4f35f7cbe854078d1ac9338744f61a02 -> 
  custom:container-demuxer-ogg: 62fdf1f143b41e24485cea50d1cbac27 -> 
  custom:video-encoder-webm-vp8: eb34c28f22e8b96e1ab97ce403110664 -> 
  custom:video-decoder-webm-vp8: 9c59270c3fd7afecdb556c50c9e8de78 -> 
  custom:audio-decoder-ogg-vorbis: bf7c407c2cedff20999df2af8eb42d56 -> 
  custom:audio-encoder-webm-vorbis: bf7c407c2cedff20999df2af8eb42d56 -> 
========================================================================
Received Prepare
Registering precompiled user dll's ...
Registered in 0.003742 seconds.
Begin MonoManager ReloadAssembly
Native extension for WindowsStandalone target not found
Native extension for WebGL target not found
Refreshing native plugins compatible for Editor in 0.47 ms, found 3 plugins.
Preloading 0 native plugins for Editor in 0.00 ms.
Mono: successfully reloaded assembly
- Completed reload, in  1.105 seconds
Domain Reload Profiling:
	ReloadAssembly (1106ms)
		BeginReloadAssembly (161ms)
			ExecutionOrderSort (0ms)
			DisableScriptedObjects (7ms)
			BackupInstance (0ms)
			ReleaseScriptingObjects (0ms)
			CreateAndSetChildDomain (67ms)
		EndReloadAssembly (883ms)
			LoadAssemblies (101ms)
			RebuildTransferFunctionScriptingTraits (0ms)
			SetupTypeCache (299ms)
			ReleaseScriptCaches (1ms)
			RebuildScriptCaches (39ms)
			SetupLoadedEditorAssemblies (357ms)
				LogAssemblyErrors (0ms)
				InitializePlatformSupportModulesInManaged (6ms)
				SetLoadedEditorAssemblies (0ms)
				RefreshPlugins (1ms)
				BeforeProcessingInitializeOnLoad (82ms)
				ProcessInitializeOnLoadAttributes (252ms)
				ProcessInitializeOnLoadMethodAttributes (10ms)
				AfterProcessingInitializeOnLoad (7ms)
				EditorAssembliesLoaded (0ms)
			ExecutionOrderSort2 (0ms)
			AwakeInstancesAfterBackupRestoration (9ms)
Platform modules already initialized, skipping
Refreshing native plugins compatible for Editor in 0.48 ms, found 3 plugins.
Preloading 0 native plugins for Editor in 0.00 ms.
Unloading 2171 Unused Serialized files (Serialized files now loaded: 0)
System memory in use before: 99.1 MB.
System memory in use after: 99.2 MB.

Unloading 17 unused Assets to reduce memory usage. Loaded Objects now: 2679.
Total: 3.278800 ms (FindLiveObjects: 0.210300 ms CreateObjectMapping: 0.075700 ms MarkObjects: 2.974100 ms  DeleteObjects: 0.017500 ms)

AssetImportParameters requested are different than current active one (requested -> active):
  custom:framework-win-MediaFoundation: 216162199b28c13a410421893ffa2e32 -> 
  custom:video-decoder-ogg-theora: a1e56fd34408186e4bbccfd4996cb3dc -> 
  custom:container-muxer-webm: aa71ff27fc2769a1b78a27578f13a17b -> 
  custom:container-demuxer-webm: 4f35f7cbe854078d1ac9338744f61a02 -> 
  custom:container-demuxer-ogg: 62fdf1f143b41e24485cea50d1cbac27 -> 
  custom:video-encoder-webm-vp8: eb34c28f22e8b96e1ab97ce403110664 -> 
  custom:video-decoder-webm-vp8: 9c59270c3fd7afecdb556c50c9e8de78 -> 
  custom:audio-decoder-ogg-vorbis: bf7c407c2cedff20999df2af8eb42d56 -> 
  custom:audio-encoder-webm-vorbis: bf7c407c2cedff20999df2af8eb42d56 -> 
========================================================================
Received Import Request.
  Time since last request: 610.454824 seconds.
  path: Assets/Sprite Assets/Cauldren Set
  artifactKey: Guid(ebc4779d5e2d5664f87d04303a02df05) Importer(815301076,1909f56bfc062723c751e8b465ee728b)
Start importing Assets/Sprite Assets/Cauldren Set using Guid(ebc4779d5e2d5664f87d04303a02df05) Importer(815301076,1909f56bfc062723c751e8b465ee728b)  -> (artifact id: 'd3c6bffb94ede44e3d413fd45a1a6353') in 0.123421 seconds 
  Import took 0.171738 seconds .

========================================================================
Received Import Request.
  Time since last request: 0.004341 seconds.
  path: Assets/Sprite Assets/Cauldren Set/!cauldren.png
  artifactKey: Guid(ada4c243c2ca63245a33102f37d8885b) Importer(815301076,1909f56bfc062723c751e8b465ee728b)
Start importing Assets/Sprite Assets/Cauldren Set/!cauldren.png using Guid(ada4c243c2ca63245a33102f37d8885b) Importer(815301076,1909f56bfc062723c751e8b465ee728b)  -> (artifact id: '40d2b5bceaec79bac4993f3d799d8a62') in 0.499453 seconds 
  Import took 0.550057 seconds .

========================================================================
Received Import Request.
  Time since last request: 33.215499 seconds.
  path: Assets/Sprite Assets/Cauldren Set/!cauldren.png
  artifactKey: Guid(ada4c243c2ca63245a33102f37d8885b) Importer(815301076,1909f56bfc062723c751e8b465ee728b)
Start importing Assets/Sprite Assets/Cauldren Set/!cauldren.png using Guid(ada4c243c2ca63245a33102f37d8885b) Importer(815301076,1909f56bfc062723c751e8b465ee728b)  -> (artifact id: '667614d8ba19a2c175e2c8b203d7fdee') in 0.180793 seconds 
  Import took 0.215195 seconds .

========================================================================
Received Import Request.
  Time since last request: 32.106662 seconds.
  path: Assets/Sprite Assets/Cauldren Set/!cauldren.png
  artifactKey: Guid(ada4c243c2ca63245a33102f37d8885b) Importer(815301076,1909f56bfc062723c751e8b465ee728b)
Start importing Assets/Sprite Assets/Cauldren Set/!cauldren.png using Guid(ada4c243c2ca63245a33102f37d8885b) Importer(815301076,1909f56bfc062723c751e8b465ee728b)  -> (artifact id: '13ff02713089f81e13c006bd71deb5bc') in 0.211735 seconds 
  Import took 0.235145 seconds .

========================================================================
Received Import Request.
  Time since last request: 14.231172 seconds.
  path: Assets/Sprite Assets/Cauldren Set/!cauldren.png
  artifactKey: Guid(ada4c243c2ca63245a33102f37d8885b) Importer(815301076,1909f56bfc062723c751e8b465ee728b)
Start importing Assets/Sprite Assets/Cauldren Set/!cauldren.png using Guid(ada4c243c2ca63245a33102f37d8885b) Importer(815301076,1909f56bfc062723c751e8b465ee728b)  -> (artifact id: 'ac4a3a8832f7e3eb9d05242cd064b439') in 0.089858 seconds 
  Import took 0.123457 seconds .

========================================================================
Received Import Request.
  Time since last request: 36.211866 seconds.
  path: Assets/Sprite Assets/Cauldren Set/!cauldren.png
  artifactKey: Guid(ada4c243c2ca63245a33102f37d8885b) Importer(815301076,1909f56bfc062723c751e8b465ee728b)
Start importing Assets/Sprite Assets/Cauldren Set/!cauldren.png using Guid(ada4c243c2ca63245a33102f37d8885b) Importer(815301076,1909f56bfc062723c751e8b465ee728b)  -> (artifact id: '540b65a39bda3ed3dc6a00d3a3a1ed53') in 0.839391 seconds 
  Import took 0.894082 seconds .

========================================================================
Received Prepare
Registering precompiled user dll's ...
Registered in 0.370609 seconds.
Begin MonoManager ReloadAssembly
Native extension for WindowsStandalone target not found
Native extension for WebGL target not found
Refreshing native plugins compatible for Editor in 0.58 ms, found 3 plugins.
Preloading 0 native plugins for Editor in 0.00 ms.
Mono: successfully reloaded assembly
- Completed reload, in  6.673 seconds
Domain Reload Profiling:
	ReloadAssembly (6689ms)
		BeginReloadAssembly (1623ms)
			ExecutionOrderSort (0ms)
			DisableScriptedObjects (171ms)
			BackupInstance (0ms)
			ReleaseScriptingObjects (1ms)
			CreateAndSetChildDomain (795ms)
		EndReloadAssembly (4916ms)
			LoadAssemblies (3958ms)
			RebuildTransferFunctionScriptingTraits (0ms)
			SetupTypeCache (401ms)
			ReleaseScriptCaches (4ms)
			RebuildScriptCaches (73ms)
			SetupLoadedEditorAssemblies (364ms)
				LogAssemblyErrors (0ms)
				InitializePlatformSupportModulesInManaged (9ms)
				SetLoadedEditorAssemblies (1ms)
				RefreshPlugins (1ms)
				BeforeProcessingInitializeOnLoad (97ms)
				ProcessInitializeOnLoadAttributes (231ms)
				ProcessInitializeOnLoadMethodAttributes (19ms)
				AfterProcessingInitializeOnLoad (6ms)
				EditorAssembliesLoaded (0ms)
			ExecutionOrderSort2 (0ms)
			AwakeInstancesAfterBackupRestoration (9ms)
Platform modules already initialized, skipping
Refreshing native plugins compatible for Editor in 0.47 ms, found 3 plugins.
Preloading 0 native plugins for Editor in 0.00 ms.
Unloading 2171 Unused Serialized files (Serialized files now loaded: 0)
System memory in use before: 99.1 MB.
System memory in use after: 99.3 MB.

Unloading 17 unused Assets to reduce memory usage. Loaded Objects now: 2687.
Total: 7.638500 ms (FindLiveObjects: 1.338600 ms CreateObjectMapping: 0.929800 ms MarkObjects: 5.261100 ms  DeleteObjects: 0.105000 ms)

AssetImportParameters requested are different than current active one (requested -> active):
  custom:framework-win-MediaFoundation: 216162199b28c13a410421893ffa2e32 -> 
  custom:video-decoder-ogg-theora: a1e56fd34408186e4bbccfd4996cb3dc -> 
  custom:container-muxer-webm: aa71ff27fc2769a1b78a27578f13a17b -> 
  custom:container-demuxer-webm: 4f35f7cbe854078d1ac9338744f61a02 -> 
  custom:container-demuxer-ogg: 62fdf1f143b41e24485cea50d1cbac27 -> 
  custom:video-encoder-webm-vp8: eb34c28f22e8b96e1ab97ce403110664 -> 
  custom:video-decoder-webm-vp8: 9c59270c3fd7afecdb556c50c9e8de78 -> 
  custom:audio-decoder-ogg-vorbis: bf7c407c2cedff20999df2af8eb42d56 -> 
  custom:audio-encoder-webm-vorbis: bf7c407c2cedff20999df2af8eb42d56 -> 
========================================================================
Received Import Request.
  Time since last request: 573.147434 seconds.
  path: Assets/Sprite Assets/53559-blurborder.png
  artifactKey: Guid(c0259a7993fcdbe479a6e7c699f0ab47) Importer(815301076,1909f56bfc062723c751e8b465ee728b)
Start importing Assets/Sprite Assets/53559-blurborder.png using Guid(c0259a7993fcdbe479a6e7c699f0ab47) Importer(815301076,1909f56bfc062723c751e8b465ee728b)  -> (artifact id: '04cce07f614842ffb1d86bce331d8776') in 0.202509 seconds 
  Import took 0.230770 seconds .

========================================================================
Received Import Request.
  Time since last request: 198.599389 seconds.
  path: Assets/Sprite Assets/53559-blurborder.png
  artifactKey: Guid(c0259a7993fcdbe479a6e7c699f0ab47) Importer(815301076,1909f56bfc062723c751e8b465ee728b)
Start importing Assets/Sprite Assets/53559-blurborder.png using Guid(c0259a7993fcdbe479a6e7c699f0ab47) Importer(815301076,1909f56bfc062723c751e8b465ee728b)  -> (artifact id: 'f48b63fef2b281034c67ccfc8c1c6613') in 0.228429 seconds 
  Import took 0.268366 seconds .

========================================================================
Received Import Request.
  Time since last request: 159.830867 seconds.
  path: Assets/TextMesh Pro/Fonts
  artifactKey: Guid(6ab70aee4d56447429c680537fbf93ed) Importer(815301076,1909f56bfc062723c751e8b465ee728b)
Start importing Assets/TextMesh Pro/Fonts using Guid(6ab70aee4d56447429c680537fbf93ed) Importer(815301076,1909f56bfc062723c751e8b465ee728b)  -> (artifact id: 'c860dfdf0522eec1202f36843e52d436') in 0.501235 seconds 
  Import took 0.514890 seconds .

========================================================================
Received Import Request.
  Time since last request: 0.000273 seconds.
  path: Assets/TextMesh Pro/Fonts/LiberationSans.ttf
  artifactKey: Guid(e3265ab4bf004d28a9537516768c1c75) Importer(815301076,1909f56bfc062723c751e8b465ee728b)
Start importing Assets/TextMesh Pro/Fonts/LiberationSans.ttf using Guid(e3265ab4bf004d28a9537516768c1c75) Importer(815301076,1909f56bfc062723c751e8b465ee728b)  -> (artifact id: 'bdddd331c3f1b7826858a8d92db67e39') in 0.436793 seconds 
  Import took 0.462739 seconds .

========================================================================
Received Import Request.
  Time since last request: 11.712284 seconds.
  path: Assets/TextMesh Pro/Sprites
  artifactKey: Guid(d0603b6d5186471b96c778c3949c7ce2) Importer(815301076,1909f56bfc062723c751e8b465ee728b)
Start importing Assets/TextMesh Pro/Sprites using Guid(d0603b6d5186471b96c778c3949c7ce2) Importer(815301076,1909f56bfc062723c751e8b465ee728b)  -> (artifact id: 'c825b4ecabc52a724fdd8944d5209777') in 0.085920 seconds 
  Import took 0.102164 seconds .

========================================================================
Received Import Request.
  Time since last request: 0.000780 seconds.
  path: Assets/TextMesh Pro/Sprites/EmojiOne.png
  artifactKey: Guid(dffef66376be4fa480fb02b19edbe903) Importer(815301076,1909f56bfc062723c751e8b465ee728b)
Start importing Assets/TextMesh Pro/Sprites/EmojiOne.png using Guid(dffef66376be4fa480fb02b19edbe903) Importer(815301076,1909f56bfc062723c751e8b465ee728b)  -> (artifact id: 'd78a27303d38c5bc73b55289faa0930d') in 0.184139 seconds 
  Import took 0.253267 seconds .

========================================================================
Received Import Request.
  Time since last request: 2.694592 seconds.
  path: Assets/TextMesh Pro/Resources/TMP Settings.asset
  artifactKey: Guid(3f5b5dff67a942289a9defa416b206f3) Importer(815301076,1909f56bfc062723c751e8b465ee728b)
Start importing Assets/TextMesh Pro/Resources/TMP Settings.asset using Guid(3f5b5dff67a942289a9defa416b206f3) Importer(815301076,1909f56bfc062723c751e8b465ee728b)  -> (artifact id: '80217e6c75f9d2e4957cbc8093faaf48') in 0.345087 seconds 
  Import took 0.375384 seconds .

========================================================================
Received Import Request.
  Time since last request: 19.785867 seconds.
  path: Packages/com.unity.2d.spriteshape/Editor/ObjectMenuCreation/DefaultAssets/Sprite Shapes/Closed Sprite Shape.prefab
  artifactKey: Guid(c0583b4e855c74b8c82e7b9b5efb5ce9) Importer(815301076,1909f56bfc062723c751e8b465ee728b)
Start importing Packages/com.unity.2d.spriteshape/Editor/ObjectMenuCreation/DefaultAssets/Sprite Shapes/Closed Sprite Shape.prefab using Guid(c0583b4e855c74b8c82e7b9b5efb5ce9) Importer(815301076,1909f56bfc062723c751e8b465ee728b)  -> (artifact id: 'c5c845828cede3f25819031102be01e1') in 0.328667 seconds 
  Import took 0.344463 seconds .

========================================================================
Received Import Request.
  Time since last request: 0.000272 seconds.
  path: Packages/com.unity.2d.spriteshape/Editor/ObjectMenuCreation/DefaultAssets/Sprite Shapes/Open Sprite Shape.prefab
  artifactKey: Guid(86ae7de409eb54f619fb1328e4d42480) Importer(815301076,1909f56bfc062723c751e8b465ee728b)
Start importing Packages/com.unity.2d.spriteshape/Editor/ObjectMenuCreation/DefaultAssets/Sprite Shapes/Open Sprite Shape.prefab using Guid(86ae7de409eb54f619fb1328e4d42480) Importer(815301076,1909f56bfc062723c751e8b465ee728b)  -> (artifact id: '1cd094d74455b6e3ebbdb90683f10d20') in 0.137657 seconds 
  Import took 0.212670 seconds .

========================================================================
Received Prepare
Registering precompiled user dll's ...
Registered in 0.358588 seconds.
Begin MonoManager ReloadAssembly
Native extension for WindowsStandalone target not found
Native extension for WebGL target not found
Refreshing native plugins compatible for Editor in 0.56 ms, found 3 plugins.
Preloading 0 native plugins for Editor in 0.00 ms.
Mono: successfully reloaded assembly
- Completed reload, in  3.411 seconds
Domain Reload Profiling:
	ReloadAssembly (3413ms)
		BeginReloadAssembly (484ms)
			ExecutionOrderSort (0ms)
			DisableScriptedObjects (40ms)
			BackupInstance (0ms)
			ReleaseScriptingObjects (0ms)
			CreateAndSetChildDomain (326ms)
		EndReloadAssembly (2848ms)
			LoadAssemblies (1914ms)
			RebuildTransferFunctionScriptingTraits (0ms)
			SetupTypeCache (429ms)
			ReleaseScriptCaches (2ms)
			RebuildScriptCaches (48ms)
			SetupLoadedEditorAssemblies (339ms)
				LogAssemblyErrors (0ms)
				InitializePlatformSupportModulesInManaged (7ms)
				SetLoadedEditorAssemblies (1ms)
				RefreshPlugins (1ms)
				BeforeProcessingInitializeOnLoad (95ms)
				ProcessInitializeOnLoadAttributes (215ms)
				ProcessInitializeOnLoadMethodAttributes (14ms)
				AfterProcessingInitializeOnLoad (6ms)
				EditorAssembliesLoaded (0ms)
			ExecutionOrderSort2 (0ms)
			AwakeInstancesAfterBackupRestoration (9ms)
Platform modules already initialized, skipping
Refreshing native plugins compatible for Editor in 0.54 ms, found 3 plugins.
Preloading 0 native plugins for Editor in 0.00 ms.
Unloading 2171 Unused Serialized files (Serialized files now loaded: 0)
System memory in use before: 99.2 MB.
System memory in use after: 99.3 MB.

Unloading 17 unused Assets to reduce memory usage. Loaded Objects now: 2692.
Total: 5.519300 ms (FindLiveObjects: 0.467500 ms CreateObjectMapping: 0.270400 ms MarkObjects: 4.719200 ms  DeleteObjects: 0.035300 ms)

AssetImportParameters requested are different than current active one (requested -> active):
  custom:framework-win-MediaFoundation: 216162199b28c13a410421893ffa2e32 -> 
  custom:video-decoder-ogg-theora: a1e56fd34408186e4bbccfd4996cb3dc -> 
  custom:container-muxer-webm: aa71ff27fc2769a1b78a27578f13a17b -> 
  custom:container-demuxer-webm: 4f35f7cbe854078d1ac9338744f61a02 -> 
  custom:container-demuxer-ogg: 62fdf1f143b41e24485cea50d1cbac27 -> 
  custom:video-encoder-webm-vp8: eb34c28f22e8b96e1ab97ce403110664 -> 
  custom:video-decoder-webm-vp8: 9c59270c3fd7afecdb556c50c9e8de78 -> 
  custom:audio-decoder-ogg-vorbis: bf7c407c2cedff20999df2af8eb42d56 -> 
  custom:audio-encoder-webm-vorbis: bf7c407c2cedff20999df2af8eb42d56 -> 
========================================================================
Received Import Request.
  Time since last request: 97.341635 seconds.
  path: Assets/TextMesh Pro/Documentation
  artifactKey: Guid(8e7e8f5a82a3a134e91c54efd2274ea9) Importer(815301076,1909f56bfc062723c751e8b465ee728b)
Start importing Assets/TextMesh Pro/Documentation using Guid(8e7e8f5a82a3a134e91c54efd2274ea9) Importer(815301076,1909f56bfc062723c751e8b465ee728b)  -> (artifact id: '7f5aa99e36510f23d626084d8be9669f') in 0.064753 seconds 
  Import took 0.068842 seconds .

========================================================================
Received Import Request.
  Time since last request: 3.938913 seconds.
  path: Assets/Fonts/BIGELOWRULES-REGULAR SDF.asset
  artifactKey: Guid(cccb77b769e55a741adda8e8f8ac1ba0) Importer(815301076,1909f56bfc062723c751e8b465ee728b)
Start importing Assets/Fonts/BIGELOWRULES-REGULAR SDF.asset using Guid(cccb77b769e55a741adda8e8f8ac1ba0) Importer(815301076,1909f56bfc062723c751e8b465ee728b)  -> (artifact id: '9939efd84fdd157e24b026c8ff4f0d31') in 0.183433 seconds 
  Import took 0.199398 seconds .

========================================================================
Received Import Request.
  Time since last request: 0.000362 seconds.
  path: Assets/Fonts/PARISIENNE-REGULAR SDF.asset
  artifactKey: Guid(e7f56a0fc694cc641b91c28ba1b9ff07) Importer(815301076,1909f56bfc062723c751e8b465ee728b)
Start importing Assets/Fonts/PARISIENNE-REGULAR SDF.asset using Guid(e7f56a0fc694cc641b91c28ba1b9ff07) Importer(815301076,1909f56bfc062723c751e8b465ee728b)  -> (artifact id: '4555158ee91df3d6ae1409658b177fd1') in 0.149863 seconds 
  Import took 0.179945 seconds .

========================================================================
Received Import Request.
  Time since last request: 0.000703 seconds.
  path: Assets/Fonts/UNICORN GIGGLES - TTF SDF.asset
  artifactKey: Guid(bff1a8c40db52af439c4f6bb9547f074) Importer(815301076,1909f56bfc062723c751e8b465ee728b)
Start importing Assets/Fonts/UNICORN GIGGLES - TTF SDF.asset using Guid(bff1a8c40db52af439c4f6bb9547f074) Importer(815301076,1909f56bfc062723c751e8b465ee728b)  -> (artifact id: '1870eac34831594d8ed89dc48eec0fe8') in 0.134555 seconds 
  Import took 0.151091 seconds .

========================================================================
Received Prepare
Registering precompiled user dll's ...
Registered in 0.463070 seconds.
Begin MonoManager ReloadAssembly
Native extension for WindowsStandalone target not found
Native extension for WebGL target not found
Refreshing native plugins compatible for Editor in 0.76 ms, found 3 plugins.
Preloading 0 native plugins for Editor in 0.00 ms.
Mono: successfully reloaded assembly
- Completed reload, in  4.767 seconds
Domain Reload Profiling:
	ReloadAssembly (4771ms)
		BeginReloadAssembly (245ms)
			ExecutionOrderSort (0ms)
			DisableScriptedObjects (20ms)
			BackupInstance (0ms)
			ReleaseScriptingObjects (0ms)
			CreateAndSetChildDomain (122ms)
		EndReloadAssembly (4451ms)
			LoadAssemblies (3348ms)
			RebuildTransferFunctionScriptingTraits (0ms)
			SetupTypeCache (427ms)
			ReleaseScriptCaches (1ms)
			RebuildScriptCaches (71ms)
			SetupLoadedEditorAssemblies (442ms)
				LogAssemblyErrors (0ms)
				InitializePlatformSupportModulesInManaged (15ms)
				SetLoadedEditorAssemblies (1ms)
				RefreshPlugins (1ms)
				BeforeProcessingInitializeOnLoad (120ms)
				ProcessInitializeOnLoadAttributes (281ms)
				ProcessInitializeOnLoadMethodAttributes (15ms)
				AfterProcessingInitializeOnLoad (10ms)
				EditorAssembliesLoaded (0ms)
			ExecutionOrderSort2 (0ms)
			AwakeInstancesAfterBackupRestoration (11ms)
Platform modules already initialized, skipping
Refreshing native plugins compatible for Editor in 0.50 ms, found 3 plugins.
Preloading 0 native plugins for Editor in 0.00 ms.
Unloading 2171 Unused Serialized files (Serialized files now loaded: 0)
System memory in use before: 99.2 MB.
System memory in use after: 99.3 MB.

Unloading 17 unused Assets to reduce memory usage. Loaded Objects now: 2696.
Total: 6.602000 ms (FindLiveObjects: 0.292500 ms CreateObjectMapping: 0.083600 ms MarkObjects: 6.180500 ms  DeleteObjects: 0.043300 ms)

AssetImportParameters requested are different than current active one (requested -> active):
  custom:framework-win-MediaFoundation: 216162199b28c13a410421893ffa2e32 -> 
  custom:video-decoder-ogg-theora: a1e56fd34408186e4bbccfd4996cb3dc -> 
  custom:container-muxer-webm: aa71ff27fc2769a1b78a27578f13a17b -> 
  custom:container-demuxer-webm: 4f35f7cbe854078d1ac9338744f61a02 -> 
  custom:container-demuxer-ogg: 62fdf1f143b41e24485cea50d1cbac27 -> 
  custom:video-encoder-webm-vp8: eb34c28f22e8b96e1ab97ce403110664 -> 
  custom:video-decoder-webm-vp8: 9c59270c3fd7afecdb556c50c9e8de78 -> 
  custom:audio-decoder-ogg-vorbis: bf7c407c2cedff20999df2af8eb42d56 -> 
  custom:audio-encoder-webm-vorbis: bf7c407c2cedff20999df2af8eb42d56 -> 
========================================================================
Received Import Request.
  Time since last request: 385.772481 seconds.
  path: Assets/Sprite Assets/Elemental Potions
  artifactKey: Guid(33330ba5dcab0f34f9145b38c19733a3) Importer(815301076,1909f56bfc062723c751e8b465ee728b)
Start importing Assets/Sprite Assets/Elemental Potions using Guid(33330ba5dcab0f34f9145b38c19733a3) Importer(815301076,1909f56bfc062723c751e8b465ee728b)  -> (artifact id: '9f0bd22fcdc4353fb2a601aab3a01ab9') in 0.174899 seconds 
  Import took 0.216379 seconds .

========================================================================
Received Import Request.
  Time since last request: 0.000925 seconds.
  path: Assets/Sprite Assets/Elemental Potions/Potions.psd
  artifactKey: Guid(28d13c0556271ec4a8b262f6a3aa5306) Importer(815301076,1909f56bfc062723c751e8b465ee728b)
Start importing Assets/Sprite Assets/Elemental Potions/Potions.psd using Guid(28d13c0556271ec4a8b262f6a3aa5306) Importer(815301076,1909f56bfc062723c751e8b465ee728b)  -> (artifact id: '7485b3a4e63d10ae24c07eebb1fb4d9d') in 0.418130 seconds 
  Import took 0.435701 seconds .

========================================================================
Received Import Request.
  Time since last request: 0.551497 seconds.
  path: Assets/Sprite Assets/Elemental Potions/demo.unity
  artifactKey: Guid(75b498f8d68daf4418b7312228c52bef) Importer(815301076,1909f56bfc062723c751e8b465ee728b)
Start importing Assets/Sprite Assets/Elemental Potions/demo.unity using Guid(75b498f8d68daf4418b7312228c52bef) Importer(815301076,1909f56bfc062723c751e8b465ee728b)  -> (artifact id: 'dd385e8e1dc6122a1db10b88be528af2') in 0.122728 seconds 
  Import took 0.154872 seconds .

========================================================================
Received Import Request.
  Time since last request: 31.754575 seconds.
  path: Assets/Sprite Assets/Elemental Potions/PNG
  artifactKey: Guid(836ed9abac2088c46b9b3194f4477410) Importer(815301076,1909f56bfc062723c751e8b465ee728b)
Start importing Assets/Sprite Assets/Elemental Potions/PNG using Guid(836ed9abac2088c46b9b3194f4477410) Importer(815301076,1909f56bfc062723c751e8b465ee728b)  -> (artifact id: '38656cc2f957fbac3b276a9298b2f077') in 0.386287 seconds 
  Import took 0.397532 seconds .

========================================================================
Received Import Request.
  Time since last request: 1.480112 seconds.
  path: Assets/Sprite Assets/Elemental Potions/PNG/bg
  artifactKey: Guid(6b31edb136afb1544866654c75679029) Importer(815301076,1909f56bfc062723c751e8b465ee728b)
Start importing Assets/Sprite Assets/Elemental Potions/PNG/bg using Guid(6b31edb136afb1544866654c75679029) Importer(815301076,1909f56bfc062723c751e8b465ee728b)  -> (artifact id: '80115bd3f6c6294a271dcf518bb751e9') in 0.041881 seconds 
  Import took 0.092530 seconds .

========================================================================
Received Import Request.
  Time since last request: 0.014683 seconds.
  path: Assets/Sprite Assets/Elemental Potions/PNG/bg/air_potion.png
  artifactKey: Guid(28c9f85334b01ce409bbc99c2d4cceaf) Importer(815301076,1909f56bfc062723c751e8b465ee728b)
Start importing Assets/Sprite Assets/Elemental Potions/PNG/bg/air_potion.png using Guid(28c9f85334b01ce409bbc99c2d4cceaf) Importer(815301076,1909f56bfc062723c751e8b465ee728b)  -> (artifact id: '00000000000000000000000000000000') in 0.121346 seconds  code(4) message(Build asset version error: assets/sprite assets/elemental potions/png/bg/air_potion.png.meta in SourceAssetDB has modification time of '2020-07-16T08:04:20Z' while content on disk has modification time of '2022-01-22T15:49:40Z')
  ERROR: Build asset version error: assets/sprite assets/elemental potions/png/bg/air_potion.png.meta in SourceAssetDB has modification time of '2020-07-16T08:04:20Z' while content on disk has modification time of '2022-01-22T15:49:40Z'
  Import took 0.129170 seconds .

========================================================================
Received Import Request.
  Time since last request: 0.000274 seconds.
  path: Assets/Sprite Assets/Elemental Potions/PNG/bg/fire_potion.png
  artifactKey: Guid(e9c9d101d080d0041974e4902994e93d) Importer(815301076,1909f56bfc062723c751e8b465ee728b)
Start importing Assets/Sprite Assets/Elemental Potions/PNG/bg/fire_potion.png using Guid(e9c9d101d080d0041974e4902994e93d) Importer(815301076,1909f56bfc062723c751e8b465ee728b)  -> (artifact id: '00000000000000000000000000000000') in 0.079798 seconds  code(4) message(Build asset version error: assets/sprite assets/elemental potions/png/bg/fire_potion.png.meta in SourceAssetDB has modification time of '2020-07-16T08:04:24Z' while content on disk has modification time of '2022-01-22T15:49:40Z')
  ERROR: Build asset version error: assets/sprite assets/elemental potions/png/bg/fire_potion.png.meta in SourceAssetDB has modification time of '2020-07-16T08:04:24Z' while content on disk has modification time of '2022-01-22T15:49:40Z'
  Import took 0.085413 seconds .

========================================================================
Received Import Request.
  Time since last request: 0.000222 seconds.
  path: Assets/Sprite Assets/Elemental Potions/PNG/bg/earth_potion.png
  artifactKey: Guid(91b0308d174916b448ac09741fc805a5) Importer(815301076,1909f56bfc062723c751e8b465ee728b)
Start importing Assets/Sprite Assets/Elemental Potions/PNG/bg/earth_potion.png using Guid(91b0308d174916b448ac09741fc805a5) Importer(815301076,1909f56bfc062723c751e8b465ee728b)  -> (artifact id: '00000000000000000000000000000000') in 0.082164 seconds  code(4) message(Build asset version error: assets/sprite assets/elemental potions/png/bg/earth_potion.png.meta in SourceAssetDB has modification time of '2020-07-16T08:04:22Z' while content on disk has modification time of '2022-01-22T15:49:40Z')
  ERROR: Build asset version error: assets/sprite assets/elemental potions/png/bg/earth_potion.png.meta in SourceAssetDB has modification time of '2020-07-16T08:04:22Z' while content on disk has modification time of '2022-01-22T15:49:40Z'
  Import took 0.086849 seconds .

========================================================================
Received Import Request.
  Time since last request: 0.000134 seconds.
  path: Assets/Sprite Assets/Elemental Potions/PNG/bg/water_potion.png
  artifactKey: Guid(aab1b5555e3c2ff4c8326a1b6aeed156) Importer(815301076,1909f56bfc062723c751e8b465ee728b)
Start importing Assets/Sprite Assets/Elemental Potions/PNG/bg/water_potion.png using Guid(aab1b5555e3c2ff4c8326a1b6aeed156) Importer(815301076,1909f56bfc062723c751e8b465ee728b)  -> (artifact id: '00000000000000000000000000000000') in 0.071267 seconds  code(4) message(Build asset version error: assets/sprite assets/elemental potions/png/bg/water_potion.png.meta in SourceAssetDB has modification time of '2020-07-16T08:04:22Z' while content on disk has modification time of '2022-01-22T15:49:40Z')
  ERROR: Build asset version error: assets/sprite assets/elemental potions/png/bg/water_potion.png.meta in SourceAssetDB has modification time of '2020-07-16T08:04:22Z' while content on disk has modification time of '2022-01-22T15:49:40Z'
  Import took 0.075990 seconds .

========================================================================
Received Import Request.
  Time since last request: 7.411019 seconds.
  path: Assets/Scenes/Start Menu.unity
  artifactKey: Guid(98ae60de0b3818d48ba5a3b3a09a3965) Importer(815301076,1909f56bfc062723c751e8b465ee728b)
Start importing Assets/Scenes/Start Menu.unity using Guid(98ae60de0b3818d48ba5a3b3a09a3965) Importer(815301076,1909f56bfc062723c751e8b465ee728b)  -> (artifact id: '53557a31d80518b07e871d75c1bd5080') in 0.049654 seconds 
  Import took 0.104435 seconds .

========================================================================
Received Import Request.
  Time since last request: 4.433868 seconds.
  path: Assets/Fonts/BIGELOWRULES-REGULAR SDF.asset
  artifactKey: Guid(cccb77b769e55a741adda8e8f8ac1ba0) Importer(815301076,1909f56bfc062723c751e8b465ee728b)
Start importing Assets/Fonts/BIGELOWRULES-REGULAR SDF.asset using Guid(cccb77b769e55a741adda8e8f8ac1ba0) Importer(815301076,1909f56bfc062723c751e8b465ee728b)  -> (artifact id: '6dc1210a6d924d11f4cde6a83541241a') in 0.314477 seconds 
  Import took 0.335958 seconds .

========================================================================
Received Import Request.
  Time since last request: 0.000331 seconds.
  path: Assets/Fonts/FORTE SDF.asset
  artifactKey: Guid(875282fe653844f489c65f2b78777d83) Importer(815301076,1909f56bfc062723c751e8b465ee728b)
Start importing Assets/Fonts/FORTE SDF.asset using Guid(875282fe653844f489c65f2b78777d83) Importer(815301076,1909f56bfc062723c751e8b465ee728b)  -> (artifact id: 'ca4253524c4af3eb2b2d99c89f7eb465') in 0.361647 seconds 
  Import took 0.371705 seconds .

========================================================================
Received Import Request.
  Time since last request: 0.000636 seconds.
  path: Assets/Fonts/PARISIENNE-REGULAR SDF.asset
  artifactKey: Guid(e7f56a0fc694cc641b91c28ba1b9ff07) Importer(815301076,1909f56bfc062723c751e8b465ee728b)
Start importing Assets/Fonts/PARISIENNE-REGULAR SDF.asset using Guid(e7f56a0fc694cc641b91c28ba1b9ff07) Importer(815301076,1909f56bfc062723c751e8b465ee728b)  -> (artifact id: 'fa63173cb965ccc432f65c0d5bde54bc') in 0.155841 seconds 
  Import took 0.193650 seconds .

========================================================================
Received Import Request.
  Time since last request: 0.000621 seconds.
  path: Assets/Fonts/UNICORN GIGGLES - TTF SDF.asset
  artifactKey: Guid(bff1a8c40db52af439c4f6bb9547f074) Importer(815301076,1909f56bfc062723c751e8b465ee728b)
Start importing Assets/Fonts/UNICORN GIGGLES - TTF SDF.asset using Guid(bff1a8c40db52af439c4f6bb9547f074) Importer(815301076,1909f56bfc062723c751e8b465ee728b)  -> (artifact id: '61d211fa995a26a0800d933b1faa7586') in 0.354703 seconds 
  Import took 0.412339 seconds .

========================================================================
Received Import Request.
  Time since last request: 4.817728 seconds.
  path: Assets/Sprite Assets/Elemental Potions/PNG/transparent/air_potion.png
  artifactKey: Guid(acdee5dcd8d0bcc449188e8597a03160) Importer(815301076,1909f56bfc062723c751e8b465ee728b)
Start importing Assets/Sprite Assets/Elemental Potions/PNG/transparent/air_potion.png using Guid(acdee5dcd8d0bcc449188e8597a03160) Importer(815301076,1909f56bfc062723c751e8b465ee728b)  -> (artifact id: '00000000000000000000000000000000') in 0.043701 seconds  code(4) message(Build asset version error: assets/sprite assets/elemental potions/png/transparent/air_potion.png.meta in SourceAssetDB has modification time of '2020-07-16T08:04:22Z' while content on disk has modification time of '2022-01-22T15:49:40Z')
  ERROR: Build asset version error: assets/sprite assets/elemental potions/png/transparent/air_potion.png.meta in SourceAssetDB has modification time of '2020-07-16T08:04:22Z' while content on disk has modification time of '2022-01-22T15:49:40Z'
  Import took 0.051215 seconds .

========================================================================
Received Import Request.
  Time since last request: 0.000253 seconds.
  path: Assets/Sprite Assets/Elemental Potions/PNG/transparent/fire_potion.png
  artifactKey: Guid(fde8e2a1ba7a32849a0bf741ffbcd2ea) Importer(815301076,1909f56bfc062723c751e8b465ee728b)
Start importing Assets/Sprite Assets/Elemental Potions/PNG/transparent/fire_potion.png using Guid(fde8e2a1ba7a32849a0bf741ffbcd2ea) Importer(815301076,1909f56bfc062723c751e8b465ee728b)  -> (artifact id: '00000000000000000000000000000000') in 0.129561 seconds  code(4) message(Build asset version error: assets/sprite assets/elemental potions/png/transparent/fire_potion.png.meta in SourceAssetDB has modification time of '2020-07-16T08:04:24Z' while content on disk has modification time of '2022-01-22T15:49:40Z')
  ERROR: Build asset version error: assets/sprite assets/elemental potions/png/transparent/fire_potion.png.meta in SourceAssetDB has modification time of '2020-07-16T08:04:24Z' while content on disk has modification time of '2022-01-22T15:49:40Z'
  Import took 0.134701 seconds .

========================================================================
Received Import Request.
  Time since last request: 0.000251 seconds.
  path: Assets/Sprite Assets/Elemental Potions/PNG/transparent/earth_potion.png
  artifactKey: Guid(63a88de26125bf242b32c5bea8257c72) Importer(815301076,1909f56bfc062723c751e8b465ee728b)
Start importing Assets/Sprite Assets/Elemental Potions/PNG/transparent/earth_potion.png using Guid(63a88de26125bf242b32c5bea8257c72) Importer(815301076,1909f56bfc062723c751e8b465ee728b)  -> (artifact id: '00000000000000000000000000000000') in 0.148649 seconds  code(4) message(Build asset version error: assets/sprite assets/elemental potions/png/transparent/earth_potion.png.meta in SourceAssetDB has modification time of '2020-07-16T08:04:20Z' while content on disk has modification time of '2022-01-22T15:49:40Z')
  ERROR: Build asset version error: assets/sprite assets/elemental potions/png/transparent/earth_potion.png.meta in SourceAssetDB has modification time of '2020-07-16T08:04:20Z' while content on disk has modification time of '2022-01-22T15:49:40Z'
  Import took 0.154127 seconds .

========================================================================
Received Import Request.
  Time since last request: 0.000184 seconds.
  path: Assets/Sprite Assets/Elemental Potions/PNG/transparent/water_potion.png
  artifactKey: Guid(17e137951fa03ca409eff46d174a8893) Importer(815301076,1909f56bfc062723c751e8b465ee728b)
Start importing Assets/Sprite Assets/Elemental Potions/PNG/transparent/water_potion.png using Guid(17e137951fa03ca409eff46d174a8893) Importer(815301076,1909f56bfc062723c751e8b465ee728b)  -> (artifact id: '00000000000000000000000000000000') in 0.105979 seconds  code(4) message(Build asset version error: assets/sprite assets/elemental potions/png/transparent/water_potion.png.meta in SourceAssetDB has modification time of '2020-07-16T08:04:20Z' while content on disk has modification time of '2022-01-22T15:49:40Z')
  ERROR: Build asset version error: assets/sprite assets/elemental potions/png/transparent/water_potion.png.meta in SourceAssetDB has modification time of '2020-07-16T08:04:20Z' while content on disk has modification time of '2022-01-22T15:49:40Z'
  Import took 0.114635 seconds .

========================================================================
Received Import Request.
  Time since last request: 34.235096 seconds.
  path: ProjectSettings/TagManager.asset
  artifactKey: Guid(00000000000000003000000000000000) Importer(815301076,1909f56bfc062723c751e8b465ee728b)
Start importing ProjectSettings/TagManager.asset using Guid(00000000000000003000000000000000) Importer(815301076,1909f56bfc062723c751e8b465ee728b)  -> (artifact id: '95df672b4aaba54310d34c83eef51bb8') in 0.093360 seconds 
  Import took 0.149625 seconds .

========================================================================
Received Prepare
Registering precompiled user dll's ...
Registered in 1.608150 seconds.
Begin MonoManager ReloadAssembly
Native extension for WindowsStandalone target not found
Native extension for WebGL target not found
Refreshing native plugins compatible for Editor in 1.64 ms, found 3 plugins.
Preloading 0 native plugins for Editor in 0.00 ms.
Mono: successfully reloaded assembly
- Completed reload, in 12.769 seconds
Domain Reload Profiling:
	ReloadAssembly (12795ms)
		BeginReloadAssembly (5389ms)
			ExecutionOrderSort (1ms)
			DisableScriptedObjects (177ms)
			BackupInstance (0ms)
			ReleaseScriptingObjects (2ms)
			CreateAndSetChildDomain (3052ms)
		EndReloadAssembly (6857ms)
			LoadAssemblies (6494ms)
			RebuildTransferFunctionScriptingTraits (4ms)
			SetupTypeCache (553ms)
			ReleaseScriptCaches (2ms)
			RebuildScriptCaches (50ms)
			SetupLoadedEditorAssemblies (1134ms)
				LogAssemblyErrors (0ms)
				InitializePlatformSupportModulesInManaged (25ms)
				SetLoadedEditorAssemblies (2ms)
				RefreshPlugins (2ms)
				BeforeProcessingInitializeOnLoad (570ms)
				ProcessInitializeOnLoadAttributes (501ms)
				ProcessInitializeOnLoadMethodAttributes (25ms)
				AfterProcessingInitializeOnLoad (7ms)
				EditorAssembliesLoaded (2ms)
			ExecutionOrderSort2 (0ms)
			AwakeInstancesAfterBackupRestoration (16ms)
Platform modules already initialized, skipping
Refreshing native plugins compatible for Editor in 1.15 ms, found 3 plugins.
Preloading 0 native plugins for Editor in 0.00 ms.
Unloading 2171 Unused Serialized files (Serialized files now loaded: 0)
System memory in use before: 99.3 MB.
System memory in use after: 99.4 MB.

Unloading 18 unused Assets to reduce memory usage. Loaded Objects now: 2700.
Total: 112.711700 ms (FindLiveObjects: 39.082000 ms CreateObjectMapping: 11.138200 ms MarkObjects: 62.422200 ms  DeleteObjects: 0.063400 ms)

AssetImportParameters requested are different than current active one (requested -> active):
  custom:framework-win-MediaFoundation: 216162199b28c13a410421893ffa2e32 -> 
  custom:video-decoder-ogg-theora: a1e56fd34408186e4bbccfd4996cb3dc -> 
  custom:container-muxer-webm: aa71ff27fc2769a1b78a27578f13a17b -> 
  custom:container-demuxer-webm: 4f35f7cbe854078d1ac9338744f61a02 -> 
  custom:container-demuxer-ogg: 62fdf1f143b41e24485cea50d1cbac27 -> 
  custom:video-encoder-webm-vp8: eb34c28f22e8b96e1ab97ce403110664 -> 
  custom:video-decoder-webm-vp8: 9c59270c3fd7afecdb556c50c9e8de78 -> 
  custom:audio-decoder-ogg-vorbis: bf7c407c2cedff20999df2af8eb42d56 -> 
  custom:audio-encoder-webm-vorbis: bf7c407c2cedff20999df2af8eb42d56 -> 
========================================================================
Received Import Request.
  Time since last request: 313.710299 seconds.
  path: Assets/Sprite Assets/Elemental Potions/PNG/transparent/air_potion.png
  artifactKey: Guid(acdee5dcd8d0bcc449188e8597a03160) Importer(815301076,1909f56bfc062723c751e8b465ee728b)
Start importing Assets/Sprite Assets/Elemental Potions/PNG/transparent/air_potion.png using Guid(acdee5dcd8d0bcc449188e8597a03160) Importer(815301076,1909f56bfc062723c751e8b465ee728b)  -> (artifact id: '80152d39b7c101427c35044dc804f75e') in 0.796771 seconds 
  Import took 0.839753 seconds .

========================================================================
Received Import Request.
  Time since last request: 0.000405 seconds.
  path: Assets/Sprite Assets/Elemental Potions/PNG/transparent/fire_potion.png
  artifactKey: Guid(fde8e2a1ba7a32849a0bf741ffbcd2ea) Importer(815301076,1909f56bfc062723c751e8b465ee728b)
Start importing Assets/Sprite Assets/Elemental Potions/PNG/transparent/fire_potion.png using Guid(fde8e2a1ba7a32849a0bf741ffbcd2ea) Importer(815301076,1909f56bfc062723c751e8b465ee728b)  -> (artifact id: 'cb166e131dc80a88b0212f09db0bf6a8') in 0.182145 seconds 
  Import took 0.214620 seconds .

========================================================================
Received Import Request.
  Time since last request: 0.000491 seconds.
  path: Assets/Sprite Assets/Elemental Potions/PNG/transparent/earth_potion.png
  artifactKey: Guid(63a88de26125bf242b32c5bea8257c72) Importer(815301076,1909f56bfc062723c751e8b465ee728b)
Start importing Assets/Sprite Assets/Elemental Potions/PNG/transparent/earth_potion.png using Guid(63a88de26125bf242b32c5bea8257c72) Importer(815301076,1909f56bfc062723c751e8b465ee728b)  -> (artifact id: 'ca881b4d9dc547a7fb9db5bb12fcdd6f') in 0.163747 seconds 
  Import took 0.215644 seconds .

========================================================================
Received Import Request.
  Time since last request: 0.000324 seconds.
  path: Assets/Sprite Assets/Elemental Potions/PNG/transparent/water_potion.png
  artifactKey: Guid(17e137951fa03ca409eff46d174a8893) Importer(815301076,1909f56bfc062723c751e8b465ee728b)
Start importing Assets/Sprite Assets/Elemental Potions/PNG/transparent/water_potion.png using Guid(17e137951fa03ca409eff46d174a8893) Importer(815301076,1909f56bfc062723c751e8b465ee728b)  -> (artifact id: '15fb156466dee28f667a94f804f8329d') in 0.115226 seconds 
  Import took 0.154158 seconds .

========================================================================
Received Prepare
Registering precompiled user dll's ...
Registered in 0.414039 seconds.
Begin MonoManager ReloadAssembly
Native extension for WindowsStandalone target not found
Native extension for WebGL target not found
Refreshing native plugins compatible for Editor in 0.63 ms, found 3 plugins.
Preloading 0 native plugins for Editor in 0.00 ms.
Mono: successfully reloaded assembly
- Completed reload, in  5.029 seconds
Domain Reload Profiling:
	ReloadAssembly (5078ms)
		BeginReloadAssembly (590ms)
			ExecutionOrderSort (0ms)
			DisableScriptedObjects (103ms)
			BackupInstance (0ms)
			ReleaseScriptingObjects (4ms)
			CreateAndSetChildDomain (211ms)
		EndReloadAssembly (4318ms)
			LoadAssemblies (3187ms)
			RebuildTransferFunctionScriptingTraits (0ms)
			SetupTypeCache (395ms)
			ReleaseScriptCaches (2ms)
			RebuildScriptCaches (57ms)
			SetupLoadedEditorAssemblies (533ms)
				LogAssemblyErrors (0ms)
				InitializePlatformSupportModulesInManaged (21ms)
				SetLoadedEditorAssemblies (1ms)
				RefreshPlugins (1ms)
				BeforeProcessingInitializeOnLoad (107ms)
				ProcessInitializeOnLoadAttributes (377ms)
				ProcessInitializeOnLoadMethodAttributes (17ms)
				AfterProcessingInitializeOnLoad (8ms)
				EditorAssembliesLoaded (1ms)
			ExecutionOrderSort2 (0ms)
			AwakeInstancesAfterBackupRestoration (12ms)
Platform modules already initialized, skipping
Refreshing native plugins compatible for Editor in 0.49 ms, found 3 plugins.
Preloading 0 native plugins for Editor in 0.00 ms.
Unloading 2171 Unused Serialized files (Serialized files now loaded: 0)
System memory in use before: 99.4 MB.
System memory in use after: 99.5 MB.

Unloading 17 unused Assets to reduce memory usage. Loaded Objects now: 2703.
Total: 28.793600 ms (FindLiveObjects: 0.249100 ms CreateObjectMapping: 0.078600 ms MarkObjects: 28.279500 ms  DeleteObjects: 0.183600 ms)

AssetImportParameters requested are different than current active one (requested -> active):
  custom:framework-win-MediaFoundation: 216162199b28c13a410421893ffa2e32 -> 
  custom:video-decoder-ogg-theora: a1e56fd34408186e4bbccfd4996cb3dc -> 
  custom:container-muxer-webm: aa71ff27fc2769a1b78a27578f13a17b -> 
  custom:container-demuxer-webm: 4f35f7cbe854078d1ac9338744f61a02 -> 
  custom:container-demuxer-ogg: 62fdf1f143b41e24485cea50d1cbac27 -> 
  custom:video-encoder-webm-vp8: eb34c28f22e8b96e1ab97ce403110664 -> 
  custom:video-decoder-webm-vp8: 9c59270c3fd7afecdb556c50c9e8de78 -> 
  custom:audio-decoder-ogg-vorbis: bf7c407c2cedff20999df2af8eb42d56 -> 
  custom:audio-encoder-webm-vorbis: bf7c407c2cedff20999df2af8eb42d56 -> 
========================================================================
Received Prepare
Registering precompiled user dll's ...
Registered in 0.173965 seconds.
Begin MonoManager ReloadAssembly
Native extension for WindowsStandalone target not found
Native extension for WebGL target not found
Refreshing native plugins compatible for Editor in 0.56 ms, found 3 plugins.
Preloading 0 native plugins for Editor in 0.00 ms.
Mono: successfully reloaded assembly
- Completed reload, in  1.121 seconds
Domain Reload Profiling:
	ReloadAssembly (1122ms)
		BeginReloadAssembly (130ms)
			ExecutionOrderSort (0ms)
			DisableScriptedObjects (8ms)
			BackupInstance (0ms)
			ReleaseScriptingObjects (0ms)
			CreateAndSetChildDomain (43ms)
		EndReloadAssembly (925ms)
			LoadAssemblies (112ms)
			RebuildTransferFunctionScriptingTraits (0ms)
			SetupTypeCache (327ms)
			ReleaseScriptCaches (1ms)
			RebuildScriptCaches (46ms)
			SetupLoadedEditorAssemblies (332ms)
				LogAssemblyErrors (0ms)
				InitializePlatformSupportModulesInManaged (6ms)
				SetLoadedEditorAssemblies (0ms)
				RefreshPlugins (1ms)
				BeforeProcessingInitializeOnLoad (87ms)
				ProcessInitializeOnLoadAttributes (215ms)
				ProcessInitializeOnLoadMethodAttributes (13ms)
				AfterProcessingInitializeOnLoad (10ms)
				EditorAssembliesLoaded (1ms)
			ExecutionOrderSort2 (0ms)
			AwakeInstancesAfterBackupRestoration (10ms)
Platform modules already initialized, skipping
Refreshing native plugins compatible for Editor in 0.63 ms, found 3 plugins.
Preloading 0 native plugins for Editor in 0.00 ms.
Unloading 2171 Unused Serialized files (Serialized files now loaded: 0)
System memory in use before: 99.4 MB.
System memory in use after: 99.5 MB.

Unloading 17 unused Assets to reduce memory usage. Loaded Objects now: 2705.
Total: 4.554500 ms (FindLiveObjects: 0.218200 ms CreateObjectMapping: 0.086000 ms MarkObjects: 4.207400 ms  DeleteObjects: 0.041500 ms)

AssetImportParameters requested are different than current active one (requested -> active):
  custom:framework-win-MediaFoundation: 216162199b28c13a410421893ffa2e32 -> 
  custom:video-decoder-ogg-theora: a1e56fd34408186e4bbccfd4996cb3dc -> 
  custom:container-muxer-webm: aa71ff27fc2769a1b78a27578f13a17b -> 
  custom:container-demuxer-webm: 4f35f7cbe854078d1ac9338744f61a02 -> 
  custom:container-demuxer-ogg: 62fdf1f143b41e24485cea50d1cbac27 -> 
  custom:video-encoder-webm-vp8: eb34c28f22e8b96e1ab97ce403110664 -> 
  custom:video-decoder-webm-vp8: 9c59270c3fd7afecdb556c50c9e8de78 -> 
  custom:audio-decoder-ogg-vorbis: bf7c407c2cedff20999df2af8eb42d56 -> 
  custom:audio-encoder-webm-vorbis: bf7c407c2cedff20999df2af8eb42d56 -> 
========================================================================
Received Prepare
Registering precompiled user dll's ...
Registered in 1.470499 seconds.
Begin MonoManager ReloadAssembly
Native extension for WindowsStandalone target not found
Native extension for WebGL target not found
Refreshing native plugins compatible for Editor in 0.59 ms, found 3 plugins.
Preloading 0 native plugins for Editor in 0.00 ms.
Mono: successfully reloaded assembly
- Completed reload, in  1.280 seconds
Domain Reload Profiling:
	ReloadAssembly (1281ms)
		BeginReloadAssembly (186ms)
			ExecutionOrderSort (0ms)
			DisableScriptedObjects (17ms)
			BackupInstance (0ms)
			ReleaseScriptingObjects (0ms)
			CreateAndSetChildDomain (67ms)
		EndReloadAssembly (1013ms)
			LoadAssemblies (118ms)
			RebuildTransferFunctionScriptingTraits (0ms)
			SetupTypeCache (389ms)
			ReleaseScriptCaches (1ms)
			RebuildScriptCaches (45ms)
			SetupLoadedEditorAssemblies (355ms)
				LogAssemblyErrors (0ms)
				InitializePlatformSupportModulesInManaged (6ms)
				SetLoadedEditorAssemblies (0ms)
				RefreshPlugins (1ms)
				BeforeProcessingInitializeOnLoad (92ms)
				ProcessInitializeOnLoadAttributes (232ms)
				ProcessInitializeOnLoadMethodAttributes (17ms)
				AfterProcessingInitializeOnLoad (7ms)
				EditorAssembliesLoaded (0ms)
			ExecutionOrderSort2 (0ms)
			AwakeInstancesAfterBackupRestoration (10ms)
Platform modules already initialized, skipping
Refreshing native plugins compatible for Editor in 0.47 ms, found 3 plugins.
Preloading 0 native plugins for Editor in 0.00 ms.
Unloading 2171 Unused Serialized files (Serialized files now loaded: 0)
System memory in use before: 99.4 MB.
System memory in use after: 99.5 MB.

Unloading 17 unused Assets to reduce memory usage. Loaded Objects now: 2707.
Total: 6.398200 ms (FindLiveObjects: 0.224600 ms CreateObjectMapping: 0.077700 ms MarkObjects: 5.972100 ms  DeleteObjects: 0.120200 ms)

AssetImportParameters requested are different than current active one (requested -> active):
  custom:framework-win-MediaFoundation: 216162199b28c13a410421893ffa2e32 -> 
  custom:video-decoder-ogg-theora: a1e56fd34408186e4bbccfd4996cb3dc -> 
  custom:container-muxer-webm: aa71ff27fc2769a1b78a27578f13a17b -> 
  custom:container-demuxer-webm: 4f35f7cbe854078d1ac9338744f61a02 -> 
  custom:container-demuxer-ogg: 62fdf1f143b41e24485cea50d1cbac27 -> 
  custom:video-encoder-webm-vp8: eb34c28f22e8b96e1ab97ce403110664 -> 
  custom:video-decoder-webm-vp8: 9c59270c3fd7afecdb556c50c9e8de78 -> 
  custom:audio-decoder-ogg-vorbis: bf7c407c2cedff20999df2af8eb42d56 -> 
  custom:audio-encoder-webm-vorbis: bf7c407c2cedff20999df2af8eb42d56 -> 
========================================================================
Received Prepare
Registering precompiled user dll's ...
Registered in 0.004055 seconds.
Begin MonoManager ReloadAssembly
Native extension for WindowsStandalone target not found
Native extension for WebGL target not found
Refreshing native plugins compatible for Editor in 0.59 ms, found 3 plugins.
Preloading 0 native plugins for Editor in 0.00 ms.
Mono: successfully reloaded assembly
- Completed reload, in  1.329 seconds
Domain Reload Profiling:
	ReloadAssembly (1329ms)
		BeginReloadAssembly (131ms)
			ExecutionOrderSort (0ms)
			DisableScriptedObjects (6ms)
			BackupInstance (0ms)
			ReleaseScriptingObjects (0ms)
			CreateAndSetChildDomain (46ms)
		EndReloadAssembly (1129ms)
			LoadAssemblies (105ms)
			RebuildTransferFunctionScriptingTraits (0ms)
			SetupTypeCache (331ms)
			ReleaseScriptCaches (1ms)
			RebuildScriptCaches (51ms)
			SetupLoadedEditorAssemblies (526ms)
				LogAssemblyErrors (0ms)
				InitializePlatformSupportModulesInManaged (9ms)
				SetLoadedEditorAssemblies (2ms)
				RefreshPlugins (1ms)
				BeforeProcessingInitializeOnLoad (114ms)
				ProcessInitializeOnLoadAttributes (373ms)
				ProcessInitializeOnLoadMethodAttributes (19ms)
				AfterProcessingInitializeOnLoad (9ms)
				EditorAssembliesLoaded (0ms)
			ExecutionOrderSort2 (0ms)
			AwakeInstancesAfterBackupRestoration (9ms)
Platform modules already initialized, skipping
Refreshing native plugins compatible for Editor in 0.53 ms, found 3 plugins.
Preloading 0 native plugins for Editor in 0.00 ms.
Unloading 2171 Unused Serialized files (Serialized files now loaded: 0)
System memory in use before: 99.4 MB.
System memory in use after: 99.5 MB.

Unloading 17 unused Assets to reduce memory usage. Loaded Objects now: 2709.
Total: 6.470000 ms (FindLiveObjects: 0.292200 ms CreateObjectMapping: 0.101200 ms MarkObjects: 6.027200 ms  DeleteObjects: 0.046500 ms)

AssetImportParameters requested are different than current active one (requested -> active):
  custom:framework-win-MediaFoundation: 216162199b28c13a410421893ffa2e32 -> 
  custom:video-decoder-ogg-theora: a1e56fd34408186e4bbccfd4996cb3dc -> 
  custom:container-muxer-webm: aa71ff27fc2769a1b78a27578f13a17b -> 
  custom:container-demuxer-webm: 4f35f7cbe854078d1ac9338744f61a02 -> 
  custom:container-demuxer-ogg: 62fdf1f143b41e24485cea50d1cbac27 -> 
  custom:video-encoder-webm-vp8: eb34c28f22e8b96e1ab97ce403110664 -> 
  custom:video-decoder-webm-vp8: 9c59270c3fd7afecdb556c50c9e8de78 -> 
  custom:audio-decoder-ogg-vorbis: bf7c407c2cedff20999df2af8eb42d56 -> 
  custom:audio-encoder-webm-vorbis: bf7c407c2cedff20999df2af8eb42d56 -> 
========================================================================
Received Prepare
Registering precompiled user dll's ...
Registered in 0.004589 seconds.
Begin MonoManager ReloadAssembly
Native extension for WindowsStandalone target not found
Native extension for WebGL target not found
Refreshing native plugins compatible for Editor in 0.51 ms, found 3 plugins.
Preloading 0 native plugins for Editor in 0.00 ms.
Mono: successfully reloaded assembly
- Completed reload, in  1.241 seconds
Domain Reload Profiling:
	ReloadAssembly (1242ms)
		BeginReloadAssembly (127ms)
			ExecutionOrderSort (0ms)
			DisableScriptedObjects (6ms)
			BackupInstance (0ms)
			ReleaseScriptingObjects (0ms)
			CreateAndSetChildDomain (45ms)
		EndReloadAssembly (1051ms)
			LoadAssemblies (95ms)
			RebuildTransferFunctionScriptingTraits (0ms)
			SetupTypeCache (342ms)
			ReleaseScriptCaches (1ms)
			RebuildScriptCaches (55ms)
			SetupLoadedEditorAssemblies (442ms)
				LogAssemblyErrors (0ms)
				InitializePlatformSupportModulesInManaged (6ms)
				SetLoadedEditorAssemblies (1ms)
				RefreshPlugins (1ms)
				BeforeProcessingInitializeOnLoad (94ms)
				ProcessInitializeOnLoadAttributes (310ms)
				ProcessInitializeOnLoadMethodAttributes (22ms)
				AfterProcessingInitializeOnLoad (8ms)
				EditorAssembliesLoaded (0ms)
			ExecutionOrderSort2 (0ms)
			AwakeInstancesAfterBackupRestoration (16ms)
Platform modules already initialized, skipping
Refreshing native plugins compatible for Editor in 0.53 ms, found 3 plugins.
Preloading 0 native plugins for Editor in 0.00 ms.
Unloading 2171 Unused Serialized files (Serialized files now loaded: 0)
System memory in use before: 99.4 MB.
System memory in use after: 99.5 MB.

Unloading 17 unused Assets to reduce memory usage. Loaded Objects now: 2711.
Total: 3.262900 ms (FindLiveObjects: 0.251500 ms CreateObjectMapping: 0.098800 ms MarkObjects: 2.891300 ms  DeleteObjects: 0.020100 ms)

AssetImportParameters requested are different than current active one (requested -> active):
  custom:framework-win-MediaFoundation: 216162199b28c13a410421893ffa2e32 -> 
  custom:video-decoder-ogg-theora: a1e56fd34408186e4bbccfd4996cb3dc -> 
  custom:container-muxer-webm: aa71ff27fc2769a1b78a27578f13a17b -> 
  custom:container-demuxer-webm: 4f35f7cbe854078d1ac9338744f61a02 -> 
  custom:container-demuxer-ogg: 62fdf1f143b41e24485cea50d1cbac27 -> 
  custom:video-encoder-webm-vp8: eb34c28f22e8b96e1ab97ce403110664 -> 
  custom:video-decoder-webm-vp8: 9c59270c3fd7afecdb556c50c9e8de78 -> 
  custom:audio-decoder-ogg-vorbis: bf7c407c2cedff20999df2af8eb42d56 -> 
  custom:audio-encoder-webm-vorbis: bf7c407c2cedff20999df2af8eb42d56 -> 
========================================================================
Received Prepare
Registering precompiled user dll's ...
Registered in 0.063216 seconds.
Begin MonoManager ReloadAssembly
Native extension for WindowsStandalone target not found
Native extension for WebGL target not found
Refreshing native plugins compatible for Editor in 0.65 ms, found 3 plugins.
Preloading 0 native plugins for Editor in 0.00 ms.
Mono: successfully reloaded assembly
- Completed reload, in  1.306 seconds
Domain Reload Profiling:
	ReloadAssembly (1307ms)
		BeginReloadAssembly (138ms)
			ExecutionOrderSort (0ms)
			DisableScriptedObjects (6ms)
			BackupInstance (0ms)
			ReleaseScriptingObjects (0ms)
			CreateAndSetChildDomain (38ms)
		EndReloadAssembly (1091ms)
			LoadAssemblies (128ms)
			RebuildTransferFunctionScriptingTraits (0ms)
			SetupTypeCache (323ms)
			ReleaseScriptCaches (1ms)
			RebuildScriptCaches (44ms)
			SetupLoadedEditorAssemblies (495ms)
				LogAssemblyErrors (0ms)
				InitializePlatformSupportModulesInManaged (7ms)
				SetLoadedEditorAssemblies (1ms)
				RefreshPlugins (1ms)
				BeforeProcessingInitializeOnLoad (124ms)
				ProcessInitializeOnLoadAttributes (342ms)
				ProcessInitializeOnLoadMethodAttributes (13ms)
				AfterProcessingInitializeOnLoad (6ms)
				EditorAssembliesLoaded (0ms)
			ExecutionOrderSort2 (0ms)
			AwakeInstancesAfterBackupRestoration (11ms)
Platform modules already initialized, skipping
Refreshing native plugins compatible for Editor in 0.55 ms, found 3 plugins.
Preloading 0 native plugins for Editor in 0.00 ms.
Unloading 2171 Unused Serialized files (Serialized files now loaded: 0)
System memory in use before: 99.5 MB.
System memory in use after: 99.6 MB.

Unloading 17 unused Assets to reduce memory usage. Loaded Objects now: 2713.
Total: 3.559800 ms (FindLiveObjects: 0.418900 ms CreateObjectMapping: 0.130500 ms MarkObjects: 2.990100 ms  DeleteObjects: 0.019000 ms)

AssetImportParameters requested are different than current active one (requested -> active):
  custom:framework-win-MediaFoundation: 216162199b28c13a410421893ffa2e32 -> 
  custom:video-decoder-ogg-theora: a1e56fd34408186e4bbccfd4996cb3dc -> 
  custom:container-muxer-webm: aa71ff27fc2769a1b78a27578f13a17b -> 
  custom:container-demuxer-webm: 4f35f7cbe854078d1ac9338744f61a02 -> 
  custom:container-demuxer-ogg: 62fdf1f143b41e24485cea50d1cbac27 -> 
  custom:video-encoder-webm-vp8: eb34c28f22e8b96e1ab97ce403110664 -> 
  custom:video-decoder-webm-vp8: 9c59270c3fd7afecdb556c50c9e8de78 -> 
  custom:audio-decoder-ogg-vorbis: bf7c407c2cedff20999df2af8eb42d56 -> 
  custom:audio-encoder-webm-vorbis: bf7c407c2cedff20999df2af8eb42d56 -> 
========================================================================
Received Prepare
Registering precompiled user dll's ...
Registered in 0.003647 seconds.
Begin MonoManager ReloadAssembly
Native extension for WindowsStandalone target not found
Native extension for WebGL target not found
Refreshing native plugins compatible for Editor in 0.55 ms, found 3 plugins.
Preloading 0 native plugins for Editor in 0.00 ms.
Mono: successfully reloaded assembly
- Completed reload, in  1.356 seconds
Domain Reload Profiling:
	ReloadAssembly (1357ms)
		BeginReloadAssembly (136ms)
			ExecutionOrderSort (0ms)
			DisableScriptedObjects (9ms)
			BackupInstance (0ms)
			ReleaseScriptingObjects (0ms)
			CreateAndSetChildDomain (45ms)
		EndReloadAssembly (1143ms)
			LoadAssemblies (120ms)
			RebuildTransferFunctionScriptingTraits (0ms)
			SetupTypeCache (428ms)
			ReleaseScriptCaches (2ms)
			RebuildScriptCaches (55ms)
			SetupLoadedEditorAssemblies (390ms)
				LogAssemblyErrors (0ms)
				InitializePlatformSupportModulesInManaged (11ms)
				SetLoadedEditorAssemblies (1ms)
				RefreshPlugins (1ms)
				BeforeProcessingInitializeOnLoad (101ms)
				ProcessInitializeOnLoadAttributes (258ms)
				ProcessInitializeOnLoadMethodAttributes (13ms)
				AfterProcessingInitializeOnLoad (7ms)
				EditorAssembliesLoaded (0ms)
			ExecutionOrderSort2 (0ms)
			AwakeInstancesAfterBackupRestoration (10ms)
Platform modules already initialized, skipping
Refreshing native plugins compatible for Editor in 0.47 ms, found 3 plugins.
Preloading 0 native plugins for Editor in 0.00 ms.
Unloading 2171 Unused Serialized files (Serialized files now loaded: 0)
System memory in use before: 99.5 MB.
System memory in use after: 99.6 MB.

Unloading 17 unused Assets to reduce memory usage. Loaded Objects now: 2715.
Total: 5.590200 ms (FindLiveObjects: 0.225600 ms CreateObjectMapping: 0.167100 ms MarkObjects: 5.155200 ms  DeleteObjects: 0.041200 ms)

AssetImportParameters requested are different than current active one (requested -> active):
  custom:framework-win-MediaFoundation: 216162199b28c13a410421893ffa2e32 -> 
  custom:video-decoder-ogg-theora: a1e56fd34408186e4bbccfd4996cb3dc -> 
  custom:container-muxer-webm: aa71ff27fc2769a1b78a27578f13a17b -> 
  custom:container-demuxer-webm: 4f35f7cbe854078d1ac9338744f61a02 -> 
  custom:container-demuxer-ogg: 62fdf1f143b41e24485cea50d1cbac27 -> 
  custom:video-encoder-webm-vp8: eb34c28f22e8b96e1ab97ce403110664 -> 
  custom:video-decoder-webm-vp8: 9c59270c3fd7afecdb556c50c9e8de78 -> 
  custom:audio-decoder-ogg-vorbis: bf7c407c2cedff20999df2af8eb42d56 -> 
  custom:audio-encoder-webm-vorbis: bf7c407c2cedff20999df2af8eb42d56 -> 
========================================================================
Received Prepare
Registering precompiled user dll's ...
Registered in 0.158009 seconds.
Begin MonoManager ReloadAssembly
Native extension for WindowsStandalone target not found
Native extension for WebGL target not found
Refreshing native plugins compatible for Editor in 0.94 ms, found 3 plugins.
Preloading 0 native plugins for Editor in 0.00 ms.
Mono: successfully reloaded assembly
- Completed reload, in  1.757 seconds
Domain Reload Profiling:
	ReloadAssembly (1764ms)
		BeginReloadAssembly (410ms)
			ExecutionOrderSort (0ms)
			DisableScriptedObjects (53ms)
			BackupInstance (0ms)
			ReleaseScriptingObjects (4ms)
			CreateAndSetChildDomain (193ms)
		EndReloadAssembly (1256ms)
			LoadAssemblies (169ms)
			RebuildTransferFunctionScriptingTraits (0ms)
			SetupTypeCache (473ms)
			ReleaseScriptCaches (3ms)
			RebuildScriptCaches (53ms)
			SetupLoadedEditorAssemblies (439ms)
				LogAssemblyErrors (0ms)
				InitializePlatformSupportModulesInManaged (23ms)
				SetLoadedEditorAssemblies (1ms)
				RefreshPlugins (1ms)
				BeforeProcessingInitializeOnLoad (112ms)
				ProcessInitializeOnLoadAttributes (280ms)
				ProcessInitializeOnLoadMethodAttributes (12ms)
				AfterProcessingInitializeOnLoad (10ms)
				EditorAssembliesLoaded (0ms)
			ExecutionOrderSort2 (0ms)
			AwakeInstancesAfterBackupRestoration (12ms)
Platform modules already initialized, skipping
Refreshing native plugins compatible for Editor in 2.09 ms, found 3 plugins.
Preloading 0 native plugins for Editor in 0.00 ms.
Unloading 2171 Unused Serialized files (Serialized files now loaded: 0)
System memory in use before: 99.5 MB.
System memory in use after: 99.7 MB.

Unloading 17 unused Assets to reduce memory usage. Loaded Objects now: 2717.
Total: 7.103700 ms (FindLiveObjects: 0.245900 ms CreateObjectMapping: 0.101300 ms MarkObjects: 6.677400 ms  DeleteObjects: 0.077100 ms)

AssetImportParameters requested are different than current active one (requested -> active):
  custom:framework-win-MediaFoundation: 216162199b28c13a410421893ffa2e32 -> 
  custom:video-decoder-ogg-theora: a1e56fd34408186e4bbccfd4996cb3dc -> 
  custom:container-muxer-webm: aa71ff27fc2769a1b78a27578f13a17b -> 
  custom:container-demuxer-webm: 4f35f7cbe854078d1ac9338744f61a02 -> 
  custom:container-demuxer-ogg: 62fdf1f143b41e24485cea50d1cbac27 -> 
  custom:video-encoder-webm-vp8: eb34c28f22e8b96e1ab97ce403110664 -> 
  custom:video-decoder-webm-vp8: 9c59270c3fd7afecdb556c50c9e8de78 -> 
  custom:audio-decoder-ogg-vorbis: bf7c407c2cedff20999df2af8eb42d56 -> 
  custom:audio-encoder-webm-vorbis: bf7c407c2cedff20999df2af8eb42d56 -> 
========================================================================
Received Prepare
Registering precompiled user dll's ...
Registered in 0.004574 seconds.
Begin MonoManager ReloadAssembly
Native extension for WindowsStandalone target not found
Native extension for WebGL target not found
Refreshing native plugins compatible for Editor in 1.77 ms, found 3 plugins.
Preloading 0 native plugins for Editor in 0.00 ms.
Mono: successfully reloaded assembly
- Completed reload, in  1.408 seconds
Domain Reload Profiling:
	ReloadAssembly (1408ms)
		BeginReloadAssembly (111ms)
			ExecutionOrderSort (0ms)
			DisableScriptedObjects (8ms)
			BackupInstance (0ms)
			ReleaseScriptingObjects (0ms)
			CreateAndSetChildDomain (38ms)
		EndReloadAssembly (1231ms)
			LoadAssemblies (102ms)
			RebuildTransferFunctionScriptingTraits (0ms)
			SetupTypeCache (348ms)
			ReleaseScriptCaches (2ms)
			RebuildScriptCaches (49ms)
			SetupLoadedEditorAssemblies (615ms)
				LogAssemblyErrors (0ms)
				InitializePlatformSupportModulesInManaged (6ms)
				SetLoadedEditorAssemblies (2ms)
				RefreshPlugins (2ms)
				BeforeProcessingInitializeOnLoad (176ms)
				ProcessInitializeOnLoadAttributes (392ms)
				ProcessInitializeOnLoadMethodAttributes (22ms)
				AfterProcessingInitializeOnLoad (15ms)
				EditorAssembliesLoaded (0ms)
			ExecutionOrderSort2 (0ms)
			AwakeInstancesAfterBackupRestoration (11ms)
Platform modules already initialized, skipping
Refreshing native plugins compatible for Editor in 0.50 ms, found 3 plugins.
Preloading 0 native plugins for Editor in 0.00 ms.
Unloading 2171 Unused Serialized files (Serialized files now loaded: 0)
System memory in use before: 99.5 MB.
System memory in use after: 99.7 MB.

Unloading 17 unused Assets to reduce memory usage. Loaded Objects now: 2719.
Total: 3.662400 ms (FindLiveObjects: 0.346300 ms CreateObjectMapping: 0.129900 ms MarkObjects: 3.159500 ms  DeleteObjects: 0.025000 ms)

AssetImportParameters requested are different than current active one (requested -> active):
  custom:framework-win-MediaFoundation: 216162199b28c13a410421893ffa2e32 -> 
  custom:video-decoder-ogg-theora: a1e56fd34408186e4bbccfd4996cb3dc -> 
  custom:container-muxer-webm: aa71ff27fc2769a1b78a27578f13a17b -> 
  custom:container-demuxer-webm: 4f35f7cbe854078d1ac9338744f61a02 -> 
  custom:container-demuxer-ogg: 62fdf1f143b41e24485cea50d1cbac27 -> 
  custom:video-encoder-webm-vp8: eb34c28f22e8b96e1ab97ce403110664 -> 
  custom:video-decoder-webm-vp8: 9c59270c3fd7afecdb556c50c9e8de78 -> 
  custom:audio-decoder-ogg-vorbis: bf7c407c2cedff20999df2af8eb42d56 -> 
  custom:audio-encoder-webm-vorbis: bf7c407c2cedff20999df2af8eb42d56 -> 
========================================================================
Received Prepare
Registering precompiled user dll's ...
Registered in 0.003739 seconds.
Begin MonoManager ReloadAssembly
Native extension for WindowsStandalone target not found
Native extension for WebGL target not found
Refreshing native plugins compatible for Editor in 0.48 ms, found 3 plugins.
Preloading 0 native plugins for Editor in 0.00 ms.
Mono: successfully reloaded assembly
- Completed reload, in  1.244 seconds
Domain Reload Profiling:
	ReloadAssembly (1244ms)
		BeginReloadAssembly (135ms)
			ExecutionOrderSort (0ms)
			DisableScriptedObjects (6ms)
			BackupInstance (0ms)
			ReleaseScriptingObjects (0ms)
			CreateAndSetChildDomain (40ms)
		EndReloadAssembly (1034ms)
			LoadAssemblies (97ms)
			RebuildTransferFunctionScriptingTraits (0ms)
			SetupTypeCache (384ms)
			ReleaseScriptCaches (2ms)
			RebuildScriptCaches (55ms)
			SetupLoadedEditorAssemblies (359ms)
				LogAssemblyErrors (0ms)
				InitializePlatformSupportModulesInManaged (6ms)
				SetLoadedEditorAssemblies (0ms)
				RefreshPlugins (1ms)
				BeforeProcessingInitializeOnLoad (124ms)
				ProcessInitializeOnLoadAttributes (208ms)
				ProcessInitializeOnLoadMethodAttributes (11ms)
				AfterProcessingInitializeOnLoad (10ms)
				EditorAssembliesLoaded (0ms)
			ExecutionOrderSort2 (0ms)
			AwakeInstancesAfterBackupRestoration (9ms)
Platform modules already initialized, skipping
Refreshing native plugins compatible for Editor in 0.49 ms, found 3 plugins.
Preloading 0 native plugins for Editor in 0.00 ms.
Unloading 2171 Unused Serialized files (Serialized files now loaded: 0)
System memory in use before: 99.5 MB.
System memory in use after: 99.7 MB.

Unloading 17 unused Assets to reduce memory usage. Loaded Objects now: 2721.
Total: 3.938300 ms (FindLiveObjects: 0.249300 ms CreateObjectMapping: 0.107800 ms MarkObjects: 3.561800 ms  DeleteObjects: 0.018400 ms)

AssetImportParameters requested are different than current active one (requested -> active):
  custom:framework-win-MediaFoundation: 216162199b28c13a410421893ffa2e32 -> 
  custom:video-decoder-ogg-theora: a1e56fd34408186e4bbccfd4996cb3dc -> 
  custom:container-muxer-webm: aa71ff27fc2769a1b78a27578f13a17b -> 
  custom:container-demuxer-webm: 4f35f7cbe854078d1ac9338744f61a02 -> 
  custom:container-demuxer-ogg: 62fdf1f143b41e24485cea50d1cbac27 -> 
  custom:video-encoder-webm-vp8: eb34c28f22e8b96e1ab97ce403110664 -> 
  custom:video-decoder-webm-vp8: 9c59270c3fd7afecdb556c50c9e8de78 -> 
  custom:audio-decoder-ogg-vorbis: bf7c407c2cedff20999df2af8eb42d56 -> 
  custom:audio-encoder-webm-vorbis: bf7c407c2cedff20999df2af8eb42d56 -> 
AssetImportWorkerClient::OnTransportError - code=2 error=End of file
